CRITICAL - 2023-07-13 06:23:56 --> Undefined variable $Prodi
in APPPATH\Controllers\Crud.php on line 39.
 1 APPPATH\Controllers\Crud.php(39): CodeIgniter\Debug\Exceptions->errorHandler(2, 'Undefined variable $Prodi', 'C:\\xampp\\htdocs\\prakwebprog\\app\\Controllers\\Crud.php', 39)
 2 SYSTEMPATH\CodeIgniter.php(932): App\Controllers\Crud->tambah()
 3 SYSTEMPATH\CodeIgniter.php(497): CodeIgniter\CodeIgniter->runController(Object(App\Controllers\Crud))
 4 SYSTEMPATH\CodeIgniter.php(366): CodeIgniter\CodeIgniter->handleRequest(null, Object(Config\Cache), false)
 5 FCPATH\index.php(67): CodeIgniter\CodeIgniter->run()
 6 SYSTEMPATH\Commands\Server\rewrite.php(47): require_once('C:\\xampp\\htdocs\\prakwebprog\\public\\index.php')
CRITICAL - 2023-07-13 06:24:23 --> Undefined variable $Prodi
in APPPATH\Controllers\Crud.php on line 39.
 1 APPPATH\Controllers\Crud.php(39): CodeIgniter\Debug\Exceptions->errorHandler(2, 'Undefined variable $Prodi', 'C:\\xampp\\htdocs\\prakwebprog\\app\\Controllers\\Crud.php', 39)
 2 SYSTEMPATH\CodeIgniter.php(932): App\Controllers\Crud->tambah()
 3 SYSTEMPATH\CodeIgniter.php(497): CodeIgniter\CodeIgniter->runController(Object(App\Controllers\Crud))
 4 SYSTEMPATH\CodeIgniter.php(366): CodeIgniter\CodeIgniter->handleRequest(null, Object(Config\Cache), false)
 5 FCPATH\index.php(67): CodeIgniter\CodeIgniter->run()
 6 SYSTEMPATH\Commands\Server\rewrite.php(47): require_once('C:\\xampp\\htdocs\\prakwebprog\\public\\index.php')
CRITICAL - 2023-07-13 06:24:34 --> Undefined variable $Prodi
in APPPATH\Controllers\Crud.php on line 39.
 1 APPPATH\Controllers\Crud.php(39): CodeIgniter\Debug\Exceptions->errorHandler(2, 'Undefined variable $Prodi', 'C:\\xampp\\htdocs\\prakwebprog\\app\\Controllers\\Crud.php', 39)
 2 SYSTEMPATH\CodeIgniter.php(932): App\Controllers\Crud->tambah()
 3 SYSTEMPATH\CodeIgniter.php(497): CodeIgniter\CodeIgniter->runController(Object(App\Controllers\Crud))
 4 SYSTEMPATH\CodeIgniter.php(366): CodeIgniter\CodeIgniter->handleRequest(null, Object(Config\Cache), false)
 5 FCPATH\index.php(67): CodeIgniter\CodeIgniter->run()
 6 SYSTEMPATH\Commands\Server\rewrite.php(47): require_once('C:\\xampp\\htdocs\\prakwebprog\\public\\index.php')
CRITICAL - 2023-07-13 06:28:54 --> Undefined variable $Prodi
in APPPATH\Controllers\Crud.php on line 39.
 1 APPPATH\Controllers\Crud.php(39): CodeIgniter\Debug\Exceptions->errorHandler(2, 'Undefined variable $Prodi', 'C:\\xampp\\htdocs\\prakwebprog\\app\\Controllers\\Crud.php', 39)
 2 SYSTEMPATH\CodeIgniter.php(932): App\Controllers\Crud->tambah()
 3 SYSTEMPATH\CodeIgniter.php(497): CodeIgniter\CodeIgniter->runController(Object(App\Controllers\Crud))
 4 SYSTEMPATH\CodeIgniter.php(366): CodeIgniter\CodeIgniter->handleRequest(null, Object(Config\Cache), false)
 5 FCPATH\index.php(67): CodeIgniter\CodeIgniter->run()
 6 SYSTEMPATH\Commands\Server\rewrite.php(47): require_once('C:\\xampp\\htdocs\\prakwebprog\\public\\index.php')
CRITICAL - 2023-07-13 06:29:11 --> Undefined variable $Prodi
in APPPATH\Controllers\Crud.php on line 39.
 1 APPPATH\Controllers\Crud.php(39): CodeIgniter\Debug\Exceptions->errorHandler(2, 'Undefined variable $Prodi', 'C:\\xampp\\htdocs\\prakwebprog\\app\\Controllers\\Crud.php', 39)
 2 SYSTEMPATH\CodeIgniter.php(932): App\Controllers\Crud->tambah()
 3 SYSTEMPATH\CodeIgniter.php(497): CodeIgniter\CodeIgniter->runController(Object(App\Controllers\Crud))
 4 SYSTEMPATH\CodeIgniter.php(366): CodeIgniter\CodeIgniter->handleRequest(null, Object(Config\Cache), false)
 5 FCPATH\index.php(67): CodeIgniter\CodeIgniter->run()
 6 SYSTEMPATH\Commands\Server\rewrite.php(47): require_once('C:\\xampp\\htdocs\\prakwebprog\\public\\index.php')
CRITICAL - 2023-07-13 06:29:37 --> Undefined variable $prodi
in APPPATH\Controllers\Crud.php on line 39.
 1 APPPATH\Controllers\Crud.php(39): CodeIgniter\Debug\Exceptions->errorHandler(2, 'Undefined variable $prodi', 'C:\\xampp\\htdocs\\prakwebprog\\app\\Controllers\\Crud.php', 39)
 2 SYSTEMPATH\CodeIgniter.php(932): App\Controllers\Crud->tambah()
 3 SYSTEMPATH\CodeIgniter.php(497): CodeIgniter\CodeIgniter->runController(Object(App\Controllers\Crud))
 4 SYSTEMPATH\CodeIgniter.php(366): CodeIgniter\CodeIgniter->handleRequest(null, Object(Config\Cache), false)
 5 FCPATH\index.php(67): CodeIgniter\CodeIgniter->run()
 6 SYSTEMPATH\Commands\Server\rewrite.php(47): require_once('C:\\xampp\\htdocs\\prakwebprog\\public\\index.php')
CRITICAL - 2023-07-13 06:29:56 --> Undefined variable $prodi
in APPPATH\Controllers\Crud.php on line 39.
 1 APPPATH\Controllers\Crud.php(39): CodeIgniter\Debug\Exceptions->errorHandler(2, 'Undefined variable $prodi', 'C:\\xampp\\htdocs\\prakwebprog\\app\\Controllers\\Crud.php', 39)
 2 SYSTEMPATH\CodeIgniter.php(932): App\Controllers\Crud->tambah()
 3 SYSTEMPATH\CodeIgniter.php(497): CodeIgniter\CodeIgniter->runController(Object(App\Controllers\Crud))
 4 SYSTEMPATH\CodeIgniter.php(366): CodeIgniter\CodeIgniter->handleRequest(null, Object(Config\Cache), false)
 5 FCPATH\index.php(67): CodeIgniter\CodeIgniter->run()
 6 SYSTEMPATH\Commands\Server\rewrite.php(47): require_once('C:\\xampp\\htdocs\\prakwebprog\\public\\index.php')
CRITICAL - 2023-07-13 06:43:11 --> Call to undefined function App\Controllers\sset()
in APPPATH\Controllers\Crud.php on line 27.
 1 SYSTEMPATH\CodeIgniter.php(932): App\Controllers\Crud->tambah()
 2 SYSTEMPATH\CodeIgniter.php(497): CodeIgniter\CodeIgniter->runController(Object(App\Controllers\Crud))
 3 SYSTEMPATH\CodeIgniter.php(366): CodeIgniter\CodeIgniter->handleRequest(null, Object(Config\Cache), false)
 4 FCPATH\index.php(67): CodeIgniter\CodeIgniter->run()
 5 SYSTEMPATH\Commands\Server\rewrite.php(47): require_once('C:\\xampp\\htdocs\\prakwebprog\\public\\index.php')
CRITICAL - 2023-07-13 06:49:24 --> Call to undefined function App\Controllers\sset()
in APPPATH\Controllers\Crud.php on line 27.
 1 SYSTEMPATH\CodeIgniter.php(932): App\Controllers\Crud->tambah()
 2 SYSTEMPATH\CodeIgniter.php(497): CodeIgniter\CodeIgniter->runController(Object(App\Controllers\Crud))
 3 SYSTEMPATH\CodeIgniter.php(366): CodeIgniter\CodeIgniter->handleRequest(null, Object(Config\Cache), false)
 4 FCPATH\index.php(67): CodeIgniter\CodeIgniter->run()
 5 SYSTEMPATH\Commands\Server\rewrite.php(47): require_once('C:\\xampp\\htdocs\\prakwebprog\\public\\index.php')
CRITICAL - 2023-07-13 06:50:24 --> Call to undefined function App\Controllers\sset()
in APPPATH\Controllers\Crud.php on line 27.
 1 SYSTEMPATH\CodeIgniter.php(932): App\Controllers\Crud->tambah()
 2 SYSTEMPATH\CodeIgniter.php(497): CodeIgniter\CodeIgniter->runController(Object(App\Controllers\Crud))
 3 SYSTEMPATH\CodeIgniter.php(366): CodeIgniter\CodeIgniter->handleRequest(null, Object(Config\Cache), false)
 4 FCPATH\index.php(67): CodeIgniter\CodeIgniter->run()
 5 SYSTEMPATH\Commands\Server\rewrite.php(47): require_once('C:\\xampp\\htdocs\\prakwebprog\\public\\index.php')
CRITICAL - 2023-07-13 06:51:32 --> Call to undefined function App\Controllers\sset()
in APPPATH\Controllers\Crud.php on line 27.
 1 SYSTEMPATH\CodeIgniter.php(932): App\Controllers\Crud->tambah()
 2 SYSTEMPATH\CodeIgniter.php(497): CodeIgniter\CodeIgniter->runController(Object(App\Controllers\Crud))
 3 SYSTEMPATH\CodeIgniter.php(366): CodeIgniter\CodeIgniter->handleRequest(null, Object(Config\Cache), false)
 4 FCPATH\index.php(67): CodeIgniter\CodeIgniter->run()
 5 SYSTEMPATH\Commands\Server\rewrite.php(47): require_once('C:\\xampp\\htdocs\\prakwebprog\\public\\index.php')
CRITICAL - 2023-07-13 06:54:38 --> Call to undefined function App\Controllers\sset()
in APPPATH\Controllers\Crud.php on line 27.
 1 SYSTEMPATH\CodeIgniter.php(932): App\Controllers\Crud->tambah()
 2 SYSTEMPATH\CodeIgniter.php(497): CodeIgniter\CodeIgniter->runController(Object(App\Controllers\Crud))
 3 SYSTEMPATH\CodeIgniter.php(366): CodeIgniter\CodeIgniter->handleRequest(null, Object(Config\Cache), false)
 4 FCPATH\index.php(67): CodeIgniter\CodeIgniter->run()
 5 SYSTEMPATH\Commands\Server\rewrite.php(47): require_once('C:\\xampp\\htdocs\\prakwebprog\\public\\index.php')
CRITICAL - 2023-07-13 06:56:30 --> Call to undefined function App\Controllers\sset()
in APPPATH\Controllers\Crud.php on line 27.
 1 SYSTEMPATH\CodeIgniter.php(932): App\Controllers\Crud->tambah()
 2 SYSTEMPATH\CodeIgniter.php(497): CodeIgniter\CodeIgniter->runController(Object(App\Controllers\Crud))
 3 SYSTEMPATH\CodeIgniter.php(366): CodeIgniter\CodeIgniter->handleRequest(null, Object(Config\Cache), false)
 4 FCPATH\index.php(67): CodeIgniter\CodeIgniter->run()
 5 SYSTEMPATH\Commands\Server\rewrite.php(47): require_once('C:\\xampp\\htdocs\\prakwebprog\\public\\index.php')
CRITICAL - 2023-07-13 06:57:13 --> Undefined variable $univ
in APPPATH\Controllers\Crud.php on line 41.
 1 APPPATH\Controllers\Crud.php(41): CodeIgniter\Debug\Exceptions->errorHandler(2, 'Undefined variable $univ', 'C:\\xampp\\htdocs\\prakwebprog\\app\\Controllers\\Crud.php', 41)
 2 SYSTEMPATH\CodeIgniter.php(932): App\Controllers\Crud->tambah()
 3 SYSTEMPATH\CodeIgniter.php(497): CodeIgniter\CodeIgniter->runController(Object(App\Controllers\Crud))
 4 SYSTEMPATH\CodeIgniter.php(366): CodeIgniter\CodeIgniter->handleRequest(null, Object(Config\Cache), false)
 5 FCPATH\index.php(67): CodeIgniter\CodeIgniter->run()
 6 SYSTEMPATH\Commands\Server\rewrite.php(47): require_once('C:\\xampp\\htdocs\\prakwebprog\\public\\index.php')
CRITICAL - 2023-07-13 06:58:43 --> Undefined array key "univ"
in APPPATH\Views\crud\view.php on line 42.
 1 APPPATH\Views\crud\view.php(42): CodeIgniter\Debug\Exceptions->errorHandler(2, 'Undefined array key "univ"', 'C:\\xampp\\htdocs\\prakwebprog\\app\\Views\\crud\\view.php', 42)
 2 SYSTEMPATH\View\View.php(224): include('C:\\xampp\\htdocs\\prakwebprog\\app\\Views\\crud\\view.php')
 3 SYSTEMPATH\View\View.php(227): CodeIgniter\View\View->CodeIgniter\View\{closure}()
 4 SYSTEMPATH\Common.php(1180): CodeIgniter\View\View->render('crud/view', [], true)
 5 APPPATH\Controllers\Crud.php(23): view('crud/view', [...])
 6 SYSTEMPATH\CodeIgniter.php(932): App\Controllers\Crud->index()
 7 SYSTEMPATH\CodeIgniter.php(497): CodeIgniter\CodeIgniter->runController(Object(App\Controllers\Crud))
 8 SYSTEMPATH\CodeIgniter.php(366): CodeIgniter\CodeIgniter->handleRequest(null, Object(Config\Cache), false)
 9 FCPATH\index.php(67): CodeIgniter\CodeIgniter->run()
10 SYSTEMPATH\Commands\Server\rewrite.php(47): require_once('C:\\xampp\\htdocs\\prakwebprog\\public\\index.php')
CRITICAL - 2023-07-13 06:59:56 --> Undefined array key "univ"
in APPPATH\Views\crud\view.php on line 42.
 1 APPPATH\Views\crud\view.php(42): CodeIgniter\Debug\Exceptions->errorHandler(2, 'Undefined array key "univ"', 'C:\\xampp\\htdocs\\prakwebprog\\app\\Views\\crud\\view.php', 42)
 2 SYSTEMPATH\View\View.php(224): include('C:\\xampp\\htdocs\\prakwebprog\\app\\Views\\crud\\view.php')
 3 SYSTEMPATH\View\View.php(227): CodeIgniter\View\View->CodeIgniter\View\{closure}()
 4 SYSTEMPATH\Common.php(1180): CodeIgniter\View\View->render('crud/view', [], true)
 5 APPPATH\Controllers\Crud.php(23): view('crud/view', [...])
 6 SYSTEMPATH\CodeIgniter.php(932): App\Controllers\Crud->index()
 7 SYSTEMPATH\CodeIgniter.php(497): CodeIgniter\CodeIgniter->runController(Object(App\Controllers\Crud))
 8 SYSTEMPATH\CodeIgniter.php(366): CodeIgniter\CodeIgniter->handleRequest(null, Object(Config\Cache), false)
 9 FCPATH\index.php(67): CodeIgniter\CodeIgniter->run()
10 SYSTEMPATH\Commands\Server\rewrite.php(47): require_once('C:\\xampp\\htdocs\\prakwebprog\\public\\index.php')
CRITICAL - 2023-07-13 07:01:59 --> Undefined array key "univ"
in APPPATH\Views\crud\view.php on line 42.
 1 APPPATH\Views\crud\view.php(42): CodeIgniter\Debug\Exceptions->errorHandler(2, 'Undefined array key "univ"', 'C:\\xampp\\htdocs\\prakwebprog\\app\\Views\\crud\\view.php', 42)
 2 SYSTEMPATH\View\View.php(224): include('C:\\xampp\\htdocs\\prakwebprog\\app\\Views\\crud\\view.php')
 3 SYSTEMPATH\View\View.php(227): CodeIgniter\View\View->CodeIgniter\View\{closure}()
 4 SYSTEMPATH\Common.php(1180): CodeIgniter\View\View->render('crud/view', [], true)
 5 APPPATH\Controllers\Crud.php(23): view('crud/view', [...])
 6 SYSTEMPATH\CodeIgniter.php(932): App\Controllers\Crud->index()
 7 SYSTEMPATH\CodeIgniter.php(497): CodeIgniter\CodeIgniter->runController(Object(App\Controllers\Crud))
 8 SYSTEMPATH\CodeIgniter.php(366): CodeIgniter\CodeIgniter->handleRequest(null, Object(Config\Cache), false)
 9 FCPATH\index.php(67): CodeIgniter\CodeIgniter->run()
10 SYSTEMPATH\Commands\Server\rewrite.php(47): require_once('C:\\xampp\\htdocs\\prakwebprog\\public\\index.php')
CRITICAL - 2023-07-13 07:04:17 --> Undefined array key "univ"
in APPPATH\Views\crud\view.php on line 42.
 1 APPPATH\Views\crud\view.php(42): CodeIgniter\Debug\Exceptions->errorHandler(2, 'Undefined array key "univ"', 'C:\\xampp\\htdocs\\prakwebprog\\app\\Views\\crud\\view.php', 42)
 2 SYSTEMPATH\View\View.php(224): include('C:\\xampp\\htdocs\\prakwebprog\\app\\Views\\crud\\view.php')
 3 SYSTEMPATH\View\View.php(227): CodeIgniter\View\View->CodeIgniter\View\{closure}()
 4 SYSTEMPATH\Common.php(1180): CodeIgniter\View\View->render('crud/view', [], true)
 5 APPPATH\Controllers\Crud.php(23): view('crud/view', [...])
 6 SYSTEMPATH\CodeIgniter.php(932): App\Controllers\Crud->index()
 7 SYSTEMPATH\CodeIgniter.php(497): CodeIgniter\CodeIgniter->runController(Object(App\Controllers\Crud))
 8 SYSTEMPATH\CodeIgniter.php(366): CodeIgniter\CodeIgniter->handleRequest(null, Object(Config\Cache), false)
 9 FCPATH\index.php(67): CodeIgniter\CodeIgniter->run()
10 SYSTEMPATH\Commands\Server\rewrite.php(47): require_once('C:\\xampp\\htdocs\\prakwebprog\\public\\index.php')
CRITICAL - 2023-07-13 07:05:39 --> Undefined array key "univ"
in APPPATH\Views\crud\view.php on line 42.
 1 APPPATH\Views\crud\view.php(42): CodeIgniter\Debug\Exceptions->errorHandler(2, 'Undefined array key "univ"', 'C:\\xampp\\htdocs\\prakwebprog\\app\\Views\\crud\\view.php', 42)
 2 SYSTEMPATH\View\View.php(224): include('C:\\xampp\\htdocs\\prakwebprog\\app\\Views\\crud\\view.php')
 3 SYSTEMPATH\View\View.php(227): CodeIgniter\View\View->CodeIgniter\View\{closure}()
 4 SYSTEMPATH\Common.php(1180): CodeIgniter\View\View->render('crud/view', [], true)
 5 APPPATH\Controllers\Crud.php(23): view('crud/view', [...])
 6 SYSTEMPATH\CodeIgniter.php(932): App\Controllers\Crud->index()
 7 SYSTEMPATH\CodeIgniter.php(497): CodeIgniter\CodeIgniter->runController(Object(App\Controllers\Crud))
 8 SYSTEMPATH\CodeIgniter.php(366): CodeIgniter\CodeIgniter->handleRequest(null, Object(Config\Cache), false)
 9 FCPATH\index.php(67): CodeIgniter\CodeIgniter->run()
10 SYSTEMPATH\Commands\Server\rewrite.php(47): require_once('C:\\xampp\\htdocs\\prakwebprog\\public\\index.php')
CRITICAL - 2023-07-13 07:06:50 --> Undefined array key "univ"
in APPPATH\Views\crud\view.php on line 42.
 1 APPPATH\Views\crud\view.php(42): CodeIgniter\Debug\Exceptions->errorHandler(2, 'Undefined array key "univ"', 'C:\\xampp\\htdocs\\prakwebprog\\app\\Views\\crud\\view.php', 42)
 2 SYSTEMPATH\View\View.php(224): include('C:\\xampp\\htdocs\\prakwebprog\\app\\Views\\crud\\view.php')
 3 SYSTEMPATH\View\View.php(227): CodeIgniter\View\View->CodeIgniter\View\{closure}()
 4 SYSTEMPATH\Common.php(1180): CodeIgniter\View\View->render('crud/view', [], true)
 5 APPPATH\Controllers\Crud.php(23): view('crud/view', [...])
 6 SYSTEMPATH\CodeIgniter.php(932): App\Controllers\Crud->index()
 7 SYSTEMPATH\CodeIgniter.php(497): CodeIgniter\CodeIgniter->runController(Object(App\Controllers\Crud))
 8 SYSTEMPATH\CodeIgniter.php(366): CodeIgniter\CodeIgniter->handleRequest(null, Object(Config\Cache), false)
 9 FCPATH\index.php(67): CodeIgniter\CodeIgniter->run()
10 SYSTEMPATH\Commands\Server\rewrite.php(47): require_once('C:\\xampp\\htdocs\\prakwebprog\\public\\index.php')
CRITICAL - 2023-07-13 07:06:54 --> Undefined array key "univ"
in APPPATH\Views\crud\view.php on line 42.
 1 APPPATH\Views\crud\view.php(42): CodeIgniter\Debug\Exceptions->errorHandler(2, 'Undefined array key "univ"', 'C:\\xampp\\htdocs\\prakwebprog\\app\\Views\\crud\\view.php', 42)
 2 SYSTEMPATH\View\View.php(224): include('C:\\xampp\\htdocs\\prakwebprog\\app\\Views\\crud\\view.php')
 3 SYSTEMPATH\View\View.php(227): CodeIgniter\View\View->CodeIgniter\View\{closure}()
 4 SYSTEMPATH\Common.php(1180): CodeIgniter\View\View->render('crud/view', [], true)
 5 APPPATH\Controllers\Crud.php(23): view('crud/view', [...])
 6 SYSTEMPATH\CodeIgniter.php(932): App\Controllers\Crud->index()
 7 SYSTEMPATH\CodeIgniter.php(497): CodeIgniter\CodeIgniter->runController(Object(App\Controllers\Crud))
 8 SYSTEMPATH\CodeIgniter.php(366): CodeIgniter\CodeIgniter->handleRequest(null, Object(Config\Cache), false)
 9 FCPATH\index.php(67): CodeIgniter\CodeIgniter->run()
10 SYSTEMPATH\Commands\Server\rewrite.php(47): require_once('C:\\xampp\\htdocs\\prakwebprog\\public\\index.php')
CRITICAL - 2023-07-13 07:11:42 --> Call to undefined function App\Controllers\sset()
in APPPATH\Controllers\Crud.php on line 27.
 1 SYSTEMPATH\CodeIgniter.php(932): App\Controllers\Crud->tambah()
 2 SYSTEMPATH\CodeIgniter.php(497): CodeIgniter\CodeIgniter->runController(Object(App\Controllers\Crud))
 3 SYSTEMPATH\CodeIgniter.php(366): CodeIgniter\CodeIgniter->handleRequest(null, Object(Config\Cache), false)
 4 FCPATH\index.php(67): CodeIgniter\CodeIgniter->run()
 5 SYSTEMPATH\Commands\Server\rewrite.php(47): require_once('C:\\xampp\\htdocs\\prakwebprog\\public\\index.php')
CRITICAL - 2023-07-13 07:12:23 --> Undefined variable $universitas
in APPPATH\Controllers\Crud.php on line 41.
 1 APPPATH\Controllers\Crud.php(41): CodeIgniter\Debug\Exceptions->errorHandler(2, 'Undefined variable $universitas', 'C:\\xampp\\htdocs\\prakwebprog\\app\\Controllers\\Crud.php', 41)
 2 SYSTEMPATH\CodeIgniter.php(932): App\Controllers\Crud->tambah()
 3 SYSTEMPATH\CodeIgniter.php(497): CodeIgniter\CodeIgniter->runController(Object(App\Controllers\Crud))
 4 SYSTEMPATH\CodeIgniter.php(366): CodeIgniter\CodeIgniter->handleRequest(null, Object(Config\Cache), false)
 5 FCPATH\index.php(67): CodeIgniter\CodeIgniter->run()
 6 SYSTEMPATH\Commands\Server\rewrite.php(47): require_once('C:\\xampp\\htdocs\\prakwebprog\\public\\index.php')
ERROR - 2023-07-13 07:12:41 --> mysqli_sql_exception: Duplicate entry '32602100041' for key 'PRIMARY' in C:\xampp\htdocs\prakwebprog\vendor\codeigniter4\framework\system\Database\MySQLi\Connection.php:295
Stack trace:
#0 C:\xampp\htdocs\prakwebprog\vendor\codeigniter4\framework\system\Database\MySQLi\Connection.php(295): mysqli->query('INSERT INTO `tb...', 0)
#1 C:\xampp\htdocs\prakwebprog\vendor\codeigniter4\framework\system\Database\BaseConnection.php(692): CodeIgniter\Database\MySQLi\Connection->execute('INSERT INTO `tb...')
#2 C:\xampp\htdocs\prakwebprog\vendor\codeigniter4\framework\system\Database\BaseConnection.php(606): CodeIgniter\Database\BaseConnection->simpleQuery('INSERT INTO `tb...')
#3 C:\xampp\htdocs\prakwebprog\vendor\codeigniter4\framework\system\Database\BaseBuilder.php(2309): CodeIgniter\Database\BaseConnection->query('INSERT INTO `tb...', Array, false)
#4 C:\xampp\htdocs\prakwebprog\vendor\codeigniter4\framework\system\Model.php(330): CodeIgniter\Database\BaseBuilder->insert()
#5 C:\xampp\htdocs\prakwebprog\vendor\codeigniter4\framework\system\BaseModel.php(782): CodeIgniter\Model->doInsert(Array)
#6 C:\xampp\htdocs\prakwebprog\vendor\codeigniter4\framework\system\Model.php(730): CodeIgniter\BaseModel->insert(Array, true)
#7 C:\xampp\htdocs\prakwebprog\app\Controllers\Crud.php(44): CodeIgniter\Model->insert(Array)
#8 C:\xampp\htdocs\prakwebprog\vendor\codeigniter4\framework\system\CodeIgniter.php(932): App\Controllers\Crud->tambah()
#9 C:\xampp\htdocs\prakwebprog\vendor\codeigniter4\framework\system\CodeIgniter.php(497): CodeIgniter\CodeIgniter->runController(Object(App\Controllers\Crud))
#10 C:\xampp\htdocs\prakwebprog\vendor\codeigniter4\framework\system\CodeIgniter.php(366): CodeIgniter\CodeIgniter->handleRequest(NULL, Object(Config\Cache), false)
#11 C:\xampp\htdocs\prakwebprog\public\index.php(67): CodeIgniter\CodeIgniter->run()
#12 C:\xampp\htdocs\prakwebprog\vendor\codeigniter4\framework\system\Commands\Server\rewrite.php(47): require_once('C:\\xampp\\htdocs...')
#13 {main}
CRITICAL - 2023-07-13 07:12:41 --> Duplicate entry '32602100041' for key 'PRIMARY'
in SYSTEMPATH\Database\MySQLi\Connection.php on line 295.
 1 SYSTEMPATH\Database\MySQLi\Connection.php(295): mysqli->query('INSERT INTO `tb_mahasiswa` (`nim`, `nama`, `prodi`) VALUES (\'32602100041\', \'Ellisa mu\\\'alifah\', \'Teknik Informatika\')', 0)
 2 SYSTEMPATH\Database\BaseConnection.php(692): CodeIgniter\Database\MySQLi\Connection->execute('INSERT INTO `tb_mahasiswa` (`nim`, `nama`, `prodi`) VALUES (\'32602100041\', \'Ellisa mu\\\'alifah\', \'Teknik Informatika\')')
 3 SYSTEMPATH\Database\BaseConnection.php(606): CodeIgniter\Database\BaseConnection->simpleQuery('INSERT INTO `tb_mahasiswa` (`nim`, `nama`, `prodi`) VALUES (\'32602100041\', \'Ellisa mu\\\'alifah\', \'Teknik Informatika\')')
 4 SYSTEMPATH\Database\BaseBuilder.php(2309): CodeIgniter\Database\BaseConnection->query('INSERT INTO `tb_mahasiswa` (`nim`, `nama`, `prodi`) VALUES (:nim:, :nama:, :prodi:)', [...], false)
 5 SYSTEMPATH\Model.php(330): CodeIgniter\Database\BaseBuilder->insert()
 6 SYSTEMPATH\BaseModel.php(782): CodeIgniter\Model->doInsert([...])
 7 SYSTEMPATH\Model.php(730): CodeIgniter\BaseModel->insert([...], true)
 8 APPPATH\Controllers\Crud.php(44): CodeIgniter\Model->insert([...])
 9 SYSTEMPATH\CodeIgniter.php(932): App\Controllers\Crud->tambah()
10 SYSTEMPATH\CodeIgniter.php(497): CodeIgniter\CodeIgniter->runController(Object(App\Controllers\Crud))
11 SYSTEMPATH\CodeIgniter.php(366): CodeIgniter\CodeIgniter->handleRequest(null, Object(Config\Cache), false)
12 FCPATH\index.php(67): CodeIgniter\CodeIgniter->run()
13 SYSTEMPATH\Commands\Server\rewrite.php(47): require_once('C:\\xampp\\htdocs\\prakwebprog\\public\\index.php')
CRITICAL - 2023-07-13 07:28:08 --> syntax error, unexpected identifier "Handphone"
in APPPATH\Controllers\Crud.php on line 35.
 1 SYSTEMPATH\Autoloader\Autoloader.php(289): CodeIgniter\Autoloader\Autoloader->includeFile('C:\\xampp\\htdocs\\prakwebprog\\app\\Controllers\\Crud.php')
 2 SYSTEMPATH\Autoloader\Autoloader.php(267): CodeIgniter\Autoloader\Autoloader->loadInNamespace('App\\Controllers\\Crud')
 3 [internal function]: CodeIgniter\Autoloader\Autoloader->loadClass('App\\Controllers\\Crud')
 4 SYSTEMPATH\CodeIgniter.php(890): class_exists('\\App\\Controllers\\Crud', true)
 5 SYSTEMPATH\CodeIgniter.php(484): CodeIgniter\CodeIgniter->startController()
 6 SYSTEMPATH\CodeIgniter.php(366): CodeIgniter\CodeIgniter->handleRequest(null, Object(Config\Cache), false)
 7 FCPATH\index.php(67): CodeIgniter\CodeIgniter->run()
 8 SYSTEMPATH\Commands\Server\rewrite.php(47): require_once('C:\\xampp\\htdocs\\prakwebprog\\public\\index.php')
CRITICAL - 2023-07-13 07:29:36 --> syntax error, unexpected identifier "HP"
in APPPATH\Controllers\Crud.php on line 35.
 1 SYSTEMPATH\Autoloader\Autoloader.php(289): CodeIgniter\Autoloader\Autoloader->includeFile('C:\\xampp\\htdocs\\prakwebprog\\app\\Controllers\\Crud.php')
 2 SYSTEMPATH\Autoloader\Autoloader.php(267): CodeIgniter\Autoloader\Autoloader->loadInNamespace('App\\Controllers\\Crud')
 3 [internal function]: CodeIgniter\Autoloader\Autoloader->loadClass('App\\Controllers\\Crud')
 4 SYSTEMPATH\CodeIgniter.php(890): class_exists('\\App\\Controllers\\Crud', true)
 5 SYSTEMPATH\CodeIgniter.php(484): CodeIgniter\CodeIgniter->startController()
 6 SYSTEMPATH\CodeIgniter.php(366): CodeIgniter\CodeIgniter->handleRequest(null, Object(Config\Cache), false)
 7 FCPATH\index.php(67): CodeIgniter\CodeIgniter->run()
 8 SYSTEMPATH\Commands\Server\rewrite.php(47): require_once('C:\\xampp\\htdocs\\prakwebprog\\public\\index.php')
CRITICAL - 2023-07-13 07:31:36 --> syntax error, unexpected identifier "HP"
in APPPATH\Controllers\Crud.php on line 35.
 1 SYSTEMPATH\Autoloader\Autoloader.php(289): CodeIgniter\Autoloader\Autoloader->includeFile('C:\\xampp\\htdocs\\prakwebprog\\app\\Controllers\\Crud.php')
 2 SYSTEMPATH\Autoloader\Autoloader.php(267): CodeIgniter\Autoloader\Autoloader->loadInNamespace('App\\Controllers\\Crud')
 3 [internal function]: CodeIgniter\Autoloader\Autoloader->loadClass('App\\Controllers\\Crud')
 4 SYSTEMPATH\CodeIgniter.php(890): class_exists('\\App\\Controllers\\Crud', true)
 5 SYSTEMPATH\CodeIgniter.php(484): CodeIgniter\CodeIgniter->startController()
 6 SYSTEMPATH\CodeIgniter.php(366): CodeIgniter\CodeIgniter->handleRequest(null, Object(Config\Cache), false)
 7 FCPATH\index.php(67): CodeIgniter\CodeIgniter->run()
 8 SYSTEMPATH\Commands\Server\rewrite.php(47): require_once('C:\\xampp\\htdocs\\prakwebprog\\public\\index.php')
CRITICAL - 2023-07-13 07:58:17 --> syntax error, unexpected identifier "HP"
in APPPATH\Controllers\Crud.php on line 35.
 1 SYSTEMPATH\Autoloader\Autoloader.php(289): CodeIgniter\Autoloader\Autoloader->includeFile('C:\\xampp\\htdocs\\prakwebprog\\app\\Controllers\\Crud.php')
 2 SYSTEMPATH\Autoloader\Autoloader.php(267): CodeIgniter\Autoloader\Autoloader->loadInNamespace('App\\Controllers\\Crud')
 3 [internal function]: CodeIgniter\Autoloader\Autoloader->loadClass('App\\Controllers\\Crud')
 4 SYSTEMPATH\CodeIgniter.php(890): class_exists('\\App\\Controllers\\Crud', true)
 5 SYSTEMPATH\CodeIgniter.php(484): CodeIgniter\CodeIgniter->startController()
 6 SYSTEMPATH\CodeIgniter.php(366): CodeIgniter\CodeIgniter->handleRequest(null, Object(Config\Cache), false)
 7 FCPATH\index.php(67): CodeIgniter\CodeIgniter->run()
 8 SYSTEMPATH\Commands\Server\rewrite.php(47): require_once('C:\\xampp\\htdocs\\prakwebprog\\public\\index.php')
CRITICAL - 2023-07-13 07:58:19 --> syntax error, unexpected identifier "HP"
in APPPATH\Controllers\Crud.php on line 35.
 1 SYSTEMPATH\Autoloader\Autoloader.php(289): CodeIgniter\Autoloader\Autoloader->includeFile('C:\\xampp\\htdocs\\prakwebprog\\app\\Controllers\\Crud.php')
 2 SYSTEMPATH\Autoloader\Autoloader.php(267): CodeIgniter\Autoloader\Autoloader->loadInNamespace('App\\Controllers\\Crud')
 3 [internal function]: CodeIgniter\Autoloader\Autoloader->loadClass('App\\Controllers\\Crud')
 4 SYSTEMPATH\CodeIgniter.php(890): class_exists('\\App\\Controllers\\Crud', true)
 5 SYSTEMPATH\CodeIgniter.php(484): CodeIgniter\CodeIgniter->startController()
 6 SYSTEMPATH\CodeIgniter.php(366): CodeIgniter\CodeIgniter->handleRequest(null, Object(Config\Cache), false)
 7 FCPATH\index.php(67): CodeIgniter\CodeIgniter->run()
 8 SYSTEMPATH\Commands\Server\rewrite.php(47): require_once('C:\\xampp\\htdocs\\prakwebprog\\public\\index.php')
CRITICAL - 2023-07-13 07:58:22 --> syntax error, unexpected identifier "HP"
in APPPATH\Controllers\Crud.php on line 35.
 1 SYSTEMPATH\Autoloader\Autoloader.php(289): CodeIgniter\Autoloader\Autoloader->includeFile('C:\\xampp\\htdocs\\prakwebprog\\app\\Controllers\\Crud.php')
 2 SYSTEMPATH\Autoloader\Autoloader.php(267): CodeIgniter\Autoloader\Autoloader->loadInNamespace('App\\Controllers\\Crud')
 3 [internal function]: CodeIgniter\Autoloader\Autoloader->loadClass('App\\Controllers\\Crud')
 4 SYSTEMPATH\CodeIgniter.php(890): class_exists('\\App\\Controllers\\Crud', true)
 5 SYSTEMPATH\CodeIgniter.php(484): CodeIgniter\CodeIgniter->startController()
 6 SYSTEMPATH\CodeIgniter.php(366): CodeIgniter\CodeIgniter->handleRequest(null, Object(Config\Cache), false)
 7 FCPATH\index.php(67): CodeIgniter\CodeIgniter->run()
 8 SYSTEMPATH\Commands\Server\rewrite.php(47): require_once('C:\\xampp\\htdocs\\prakwebprog\\public\\index.php')
CRITICAL - 2023-07-13 07:59:17 --> syntax error, unexpected identifier "HP"
in APPPATH\Controllers\Crud.php on line 35.
 1 SYSTEMPATH\Autoloader\Autoloader.php(289): CodeIgniter\Autoloader\Autoloader->includeFile('C:\\xampp\\htdocs\\prakwebprog\\app\\Controllers\\Crud.php')
 2 SYSTEMPATH\Autoloader\Autoloader.php(267): CodeIgniter\Autoloader\Autoloader->loadInNamespace('App\\Controllers\\Crud')
 3 [internal function]: CodeIgniter\Autoloader\Autoloader->loadClass('App\\Controllers\\Crud')
 4 SYSTEMPATH\CodeIgniter.php(890): class_exists('\\App\\Controllers\\Crud', true)
 5 SYSTEMPATH\CodeIgniter.php(484): CodeIgniter\CodeIgniter->startController()
 6 SYSTEMPATH\CodeIgniter.php(366): CodeIgniter\CodeIgniter->handleRequest(null, Object(Config\Cache), false)
 7 FCPATH\index.php(67): CodeIgniter\CodeIgniter->run()
 8 SYSTEMPATH\Commands\Server\rewrite.php(47): require_once('C:\\xampp\\htdocs\\prakwebprog\\public\\index.php')
CRITICAL - 2023-07-13 08:02:31 --> Undefined array key "newProdi"
in APPPATH\Controllers\Crud.php on line 69.
 1 APPPATH\Controllers\Crud.php(69): CodeIgniter\Debug\Exceptions->errorHandler(2, 'Undefined array key "newProdi"', 'C:\\xampp\\htdocs\\prakwebprog\\app\\Controllers\\Crud.php', 69)
 2 SYSTEMPATH\CodeIgniter.php(932): App\Controllers\Crud->editan()
 3 SYSTEMPATH\CodeIgniter.php(497): CodeIgniter\CodeIgniter->runController(Object(App\Controllers\Crud))
 4 SYSTEMPATH\CodeIgniter.php(366): CodeIgniter\CodeIgniter->handleRequest(null, Object(Config\Cache), false)
 5 FCPATH\index.php(67): CodeIgniter\CodeIgniter->run()
 6 SYSTEMPATH\Commands\Server\rewrite.php(47): require_once('C:\\xampp\\htdocs\\prakwebprog\\public\\index.php')
ERROR - 2023-07-13 08:09:15 --> mysqli_sql_exception: Duplicate entry '32602100041' for key 'PRIMARY' in C:\xampp\htdocs\prakwebprog\vendor\codeigniter4\framework\system\Database\MySQLi\Connection.php:295
Stack trace:
#0 C:\xampp\htdocs\prakwebprog\vendor\codeigniter4\framework\system\Database\MySQLi\Connection.php(295): mysqli->query('INSERT INTO `tb...', 0)
#1 C:\xampp\htdocs\prakwebprog\vendor\codeigniter4\framework\system\Database\BaseConnection.php(692): CodeIgniter\Database\MySQLi\Connection->execute('INSERT INTO `tb...')
#2 C:\xampp\htdocs\prakwebprog\vendor\codeigniter4\framework\system\Database\BaseConnection.php(606): CodeIgniter\Database\BaseConnection->simpleQuery('INSERT INTO `tb...')
#3 C:\xampp\htdocs\prakwebprog\vendor\codeigniter4\framework\system\Database\BaseBuilder.php(2309): CodeIgniter\Database\BaseConnection->query('INSERT INTO `tb...', Array, false)
#4 C:\xampp\htdocs\prakwebprog\vendor\codeigniter4\framework\system\Model.php(330): CodeIgniter\Database\BaseBuilder->insert()
#5 C:\xampp\htdocs\prakwebprog\vendor\codeigniter4\framework\system\BaseModel.php(782): CodeIgniter\Model->doInsert(Array)
#6 C:\xampp\htdocs\prakwebprog\vendor\codeigniter4\framework\system\Model.php(730): CodeIgniter\BaseModel->insert(Array, true)
#7 C:\xampp\htdocs\prakwebprog\app\Controllers\Crud.php(46): CodeIgniter\Model->insert(Array)
#8 C:\xampp\htdocs\prakwebprog\vendor\codeigniter4\framework\system\CodeIgniter.php(932): App\Controllers\Crud->tambah()
#9 C:\xampp\htdocs\prakwebprog\vendor\codeigniter4\framework\system\CodeIgniter.php(497): CodeIgniter\CodeIgniter->runController(Object(App\Controllers\Crud))
#10 C:\xampp\htdocs\prakwebprog\vendor\codeigniter4\framework\system\CodeIgniter.php(366): CodeIgniter\CodeIgniter->handleRequest(NULL, Object(Config\Cache), false)
#11 C:\xampp\htdocs\prakwebprog\public\index.php(67): CodeIgniter\CodeIgniter->run()
#12 C:\xampp\htdocs\prakwebprog\vendor\codeigniter4\framework\system\Commands\Server\rewrite.php(47): require_once('C:\\xampp\\htdocs...')
#13 {main}
CRITICAL - 2023-07-13 08:09:15 --> Duplicate entry '32602100041' for key 'PRIMARY'
in SYSTEMPATH\Database\MySQLi\Connection.php on line 295.
 1 SYSTEMPATH\Database\MySQLi\Connection.php(295): mysqli->query('INSERT INTO `tb_mahasiswa` (`nim`, `nama`, `prodi`, `universitas`, `nomor_handphone`) VALUES (\'32602100041\', \'Ellisa mu\\\'alifah\', \'Teknik Informatika\', \'unissula\', \'01234567890\')', 0)
 2 SYSTEMPATH\Database\BaseConnection.php(692): CodeIgniter\Database\MySQLi\Connection->execute('INSERT INTO `tb_mahasiswa` (`nim`, `nama`, `prodi`, `universitas`, `nomor_handphone`) VALUES (\'32602100041\', \'Ellisa mu\\\'alifah\', \'Teknik Informatika\', \'unissula\', \'01234567890\')')
 3 SYSTEMPATH\Database\BaseConnection.php(606): CodeIgniter\Database\BaseConnection->simpleQuery('INSERT INTO `tb_mahasiswa` (`nim`, `nama`, `prodi`, `universitas`, `nomor_handphone`) VALUES (\'32602100041\', \'Ellisa mu\\\'alifah\', \'Teknik Informatika\', \'unissula\', \'01234567890\')')
 4 SYSTEMPATH\Database\BaseBuilder.php(2309): CodeIgniter\Database\BaseConnection->query('INSERT INTO `tb_mahasiswa` (`nim`, `nama`, `prodi`, `universitas`, `nomor_handphone`) VALUES (:nim:, :nama:, :prodi:, :universitas:, :nomor_handphone:)', [...], false)
 5 SYSTEMPATH\Model.php(330): CodeIgniter\Database\BaseBuilder->insert()
 6 SYSTEMPATH\BaseModel.php(782): CodeIgniter\Model->doInsert([...])
 7 SYSTEMPATH\Model.php(730): CodeIgniter\BaseModel->insert([...], true)
 8 APPPATH\Controllers\Crud.php(46): CodeIgniter\Model->insert([...])
 9 SYSTEMPATH\CodeIgniter.php(932): App\Controllers\Crud->tambah()
10 SYSTEMPATH\CodeIgniter.php(497): CodeIgniter\CodeIgniter->runController(Object(App\Controllers\Crud))
11 SYSTEMPATH\CodeIgniter.php(366): CodeIgniter\CodeIgniter->handleRequest(null, Object(Config\Cache), false)
12 FCPATH\index.php(67): CodeIgniter\CodeIgniter->run()
13 SYSTEMPATH\Commands\Server\rewrite.php(47): require_once('C:\\xampp\\htdocs\\prakwebprog\\public\\index.php')
CRITICAL - 2023-07-13 08:10:40 --> Undefined array key "No_HP"
in APPPATH\Views\crud\view.php on line 43.
 1 APPPATH\Views\crud\view.php(43): CodeIgniter\Debug\Exceptions->errorHandler(2, 'Undefined array key "No_HP"', 'C:\\xampp\\htdocs\\prakwebprog\\app\\Views\\crud\\view.php', 43)
 2 SYSTEMPATH\View\View.php(224): include('C:\\xampp\\htdocs\\prakwebprog\\app\\Views\\crud\\view.php')
 3 SYSTEMPATH\View\View.php(227): CodeIgniter\View\View->CodeIgniter\View\{closure}()
 4 SYSTEMPATH\Common.php(1180): CodeIgniter\View\View->render('crud/view', [], true)
 5 APPPATH\Controllers\Crud.php(23): view('crud/view', [...])
 6 SYSTEMPATH\CodeIgniter.php(932): App\Controllers\Crud->index()
 7 SYSTEMPATH\CodeIgniter.php(497): CodeIgniter\CodeIgniter->runController(Object(App\Controllers\Crud))
 8 SYSTEMPATH\CodeIgniter.php(366): CodeIgniter\CodeIgniter->handleRequest(null, Object(Config\Cache), false)
 9 FCPATH\index.php(67): CodeIgniter\CodeIgniter->run()
10 SYSTEMPATH\Commands\Server\rewrite.php(47): require_once('C:\\xampp\\htdocs\\prakwebprog\\public\\index.php')
CRITICAL - 2023-07-13 08:11:05 --> Undefined array key "No_HP"
in APPPATH\Views\crud\view.php on line 43.
 1 APPPATH\Views\crud\view.php(43): CodeIgniter\Debug\Exceptions->errorHandler(2, 'Undefined array key "No_HP"', 'C:\\xampp\\htdocs\\prakwebprog\\app\\Views\\crud\\view.php', 43)
 2 SYSTEMPATH\View\View.php(224): include('C:\\xampp\\htdocs\\prakwebprog\\app\\Views\\crud\\view.php')
 3 SYSTEMPATH\View\View.php(227): CodeIgniter\View\View->CodeIgniter\View\{closure}()
 4 SYSTEMPATH\Common.php(1180): CodeIgniter\View\View->render('crud/view', [], true)
 5 APPPATH\Controllers\Crud.php(23): view('crud/view', [...])
 6 SYSTEMPATH\CodeIgniter.php(932): App\Controllers\Crud->index()
 7 SYSTEMPATH\CodeIgniter.php(497): CodeIgniter\CodeIgniter->runController(Object(App\Controllers\Crud))
 8 SYSTEMPATH\CodeIgniter.php(366): CodeIgniter\CodeIgniter->handleRequest(null, Object(Config\Cache), false)
 9 FCPATH\index.php(67): CodeIgniter\CodeIgniter->run()
10 SYSTEMPATH\Commands\Server\rewrite.php(47): require_once('C:\\xampp\\htdocs\\prakwebprog\\public\\index.php')
CRITICAL - 2023-07-13 08:11:06 --> Undefined array key "No_HP"
in APPPATH\Views\crud\view.php on line 43.
 1 APPPATH\Views\crud\view.php(43): CodeIgniter\Debug\Exceptions->errorHandler(2, 'Undefined array key "No_HP"', 'C:\\xampp\\htdocs\\prakwebprog\\app\\Views\\crud\\view.php', 43)
 2 SYSTEMPATH\View\View.php(224): include('C:\\xampp\\htdocs\\prakwebprog\\app\\Views\\crud\\view.php')
 3 SYSTEMPATH\View\View.php(227): CodeIgniter\View\View->CodeIgniter\View\{closure}()
 4 SYSTEMPATH\Common.php(1180): CodeIgniter\View\View->render('crud/view', [], true)
 5 APPPATH\Controllers\Crud.php(23): view('crud/view', [...])
 6 SYSTEMPATH\CodeIgniter.php(932): App\Controllers\Crud->index()
 7 SYSTEMPATH\CodeIgniter.php(497): CodeIgniter\CodeIgniter->runController(Object(App\Controllers\Crud))
 8 SYSTEMPATH\CodeIgniter.php(366): CodeIgniter\CodeIgniter->handleRequest(null, Object(Config\Cache), false)
 9 FCPATH\index.php(67): CodeIgniter\CodeIgniter->run()
10 SYSTEMPATH\Commands\Server\rewrite.php(47): require_once('C:\\xampp\\htdocs\\prakwebprog\\public\\index.php')
CRITICAL - 2023-07-13 08:18:09 --> Undefined array key "newProdi"
in APPPATH\Controllers\Crud.php on line 69.
 1 APPPATH\Controllers\Crud.php(69): CodeIgniter\Debug\Exceptions->errorHandler(2, 'Undefined array key "newProdi"', 'C:\\xampp\\htdocs\\prakwebprog\\app\\Controllers\\Crud.php', 69)
 2 SYSTEMPATH\CodeIgniter.php(932): App\Controllers\Crud->editan()
 3 SYSTEMPATH\CodeIgniter.php(497): CodeIgniter\CodeIgniter->runController(Object(App\Controllers\Crud))
 4 SYSTEMPATH\CodeIgniter.php(366): CodeIgniter\CodeIgniter->handleRequest(null, Object(Config\Cache), false)
 5 FCPATH\index.php(67): CodeIgniter\CodeIgniter->run()
 6 SYSTEMPATH\Commands\Server\rewrite.php(47): require_once('C:\\xampp\\htdocs\\prakwebprog\\public\\index.php')
CRITICAL - 2023-07-13 08:19:00 --> Undefined array key "newProdi"
in APPPATH\Controllers\Crud.php on line 69.
 1 APPPATH\Controllers\Crud.php(69): CodeIgniter\Debug\Exceptions->errorHandler(2, 'Undefined array key "newProdi"', 'C:\\xampp\\htdocs\\prakwebprog\\app\\Controllers\\Crud.php', 69)
 2 SYSTEMPATH\CodeIgniter.php(932): App\Controllers\Crud->editan()
 3 SYSTEMPATH\CodeIgniter.php(497): CodeIgniter\CodeIgniter->runController(Object(App\Controllers\Crud))
 4 SYSTEMPATH\CodeIgniter.php(366): CodeIgniter\CodeIgniter->handleRequest(null, Object(Config\Cache), false)
 5 FCPATH\index.php(67): CodeIgniter\CodeIgniter->run()
 6 SYSTEMPATH\Commands\Server\rewrite.php(47): require_once('C:\\xampp\\htdocs\\prakwebprog\\public\\index.php')
CRITICAL - 2023-07-13 08:19:26 --> Undefined variable $newUniversitas
in APPPATH\Controllers\Crud.php on line 79.
 1 APPPATH\Controllers\Crud.php(79): CodeIgniter\Debug\Exceptions->errorHandler(2, 'Undefined variable $newUniversitas', 'C:\\xampp\\htdocs\\prakwebprog\\app\\Controllers\\Crud.php', 79)
 2 SYSTEMPATH\CodeIgniter.php(932): App\Controllers\Crud->editan()
 3 SYSTEMPATH\CodeIgniter.php(497): CodeIgniter\CodeIgniter->runController(Object(App\Controllers\Crud))
 4 SYSTEMPATH\CodeIgniter.php(366): CodeIgniter\CodeIgniter->handleRequest(null, Object(Config\Cache), false)
 5 FCPATH\index.php(67): CodeIgniter\CodeIgniter->run()
 6 SYSTEMPATH\Commands\Server\rewrite.php(47): require_once('C:\\xampp\\htdocs\\prakwebprog\\public\\index.php')
CRITICAL - 2023-07-13 08:21:26 --> Undefined variable $newNo_Hp
in APPPATH\Controllers\Crud.php on line 80.
 1 APPPATH\Controllers\Crud.php(80): CodeIgniter\Debug\Exceptions->errorHandler(2, 'Undefined variable $newNo_Hp', 'C:\\xampp\\htdocs\\prakwebprog\\app\\Controllers\\Crud.php', 80)
 2 SYSTEMPATH\CodeIgniter.php(932): App\Controllers\Crud->editan()
 3 SYSTEMPATH\CodeIgniter.php(497): CodeIgniter\CodeIgniter->runController(Object(App\Controllers\Crud))
 4 SYSTEMPATH\CodeIgniter.php(366): CodeIgniter\CodeIgniter->handleRequest(null, Object(Config\Cache), false)
 5 FCPATH\index.php(67): CodeIgniter\CodeIgniter->run()
 6 SYSTEMPATH\Commands\Server\rewrite.php(47): require_once('C:\\xampp\\htdocs\\prakwebprog\\public\\index.php')
CRITICAL - 2023-07-13 08:22:59 --> Undefined variable $newUniv
in APPPATH\Controllers\Crud.php on line 79.
 1 APPPATH\Controllers\Crud.php(79): CodeIgniter\Debug\Exceptions->errorHandler(2, 'Undefined variable $newUniv', 'C:\\xampp\\htdocs\\prakwebprog\\app\\Controllers\\Crud.php', 79)
 2 SYSTEMPATH\CodeIgniter.php(932): App\Controllers\Crud->editan()
 3 SYSTEMPATH\CodeIgniter.php(497): CodeIgniter\CodeIgniter->runController(Object(App\Controllers\Crud))
 4 SYSTEMPATH\CodeIgniter.php(366): CodeIgniter\CodeIgniter->handleRequest(null, Object(Config\Cache), false)
 5 FCPATH\index.php(67): CodeIgniter\CodeIgniter->run()
 6 SYSTEMPATH\Commands\Server\rewrite.php(47): require_once('C:\\xampp\\htdocs\\prakwebprog\\public\\index.php')
CRITICAL - 2023-07-13 08:23:32 --> Undefined variable $newUniv
in APPPATH\Controllers\Crud.php on line 79.
 1 APPPATH\Controllers\Crud.php(79): CodeIgniter\Debug\Exceptions->errorHandler(2, 'Undefined variable $newUniv', 'C:\\xampp\\htdocs\\prakwebprog\\app\\Controllers\\Crud.php', 79)
 2 SYSTEMPATH\CodeIgniter.php(932): App\Controllers\Crud->editan()
 3 SYSTEMPATH\CodeIgniter.php(497): CodeIgniter\CodeIgniter->runController(Object(App\Controllers\Crud))
 4 SYSTEMPATH\CodeIgniter.php(366): CodeIgniter\CodeIgniter->handleRequest(null, Object(Config\Cache), false)
 5 FCPATH\index.php(67): CodeIgniter\CodeIgniter->run()
 6 SYSTEMPATH\Commands\Server\rewrite.php(47): require_once('C:\\xampp\\htdocs\\prakwebprog\\public\\index.php')
CRITICAL - 2023-07-13 08:23:58 --> Undefined variable $newNo_Hp
in APPPATH\Controllers\Crud.php on line 80.
 1 APPPATH\Controllers\Crud.php(80): CodeIgniter\Debug\Exceptions->errorHandler(2, 'Undefined variable $newNo_Hp', 'C:\\xampp\\htdocs\\prakwebprog\\app\\Controllers\\Crud.php', 80)
 2 SYSTEMPATH\CodeIgniter.php(932): App\Controllers\Crud->editan()
 3 SYSTEMPATH\CodeIgniter.php(497): CodeIgniter\CodeIgniter->runController(Object(App\Controllers\Crud))
 4 SYSTEMPATH\CodeIgniter.php(366): CodeIgniter\CodeIgniter->handleRequest(null, Object(Config\Cache), false)
 5 FCPATH\index.php(67): CodeIgniter\CodeIgniter->run()
 6 SYSTEMPATH\Commands\Server\rewrite.php(47): require_once('C:\\xampp\\htdocs\\prakwebprog\\public\\index.php')
