ERROR - 2023-07-15 13:20:51 --> Error connecting to the database: mysqli_sql_exception: Unknown database 'db_kampus' in C:\Users\OMEN\prakwebprog\vendor\codeigniter4\framework\system\Database\MySQLi\Connection.php:174
Stack trace:
#0 C:\Users\OMEN\prakwebprog\vendor\codeigniter4\framework\system\Database\MySQLi\Connection.php(174): mysqli->real_connect('localhost', 'root', '', 'db_kampus', 3306, '', 0)
#1 C:\Users\OMEN\prakwebprog\vendor\codeigniter4\framework\system\Database\BaseConnection.php(391): CodeIgniter\Database\MySQLi\Connection->connect(false)
#2 C:\Users\OMEN\prakwebprog\vendor\codeigniter4\framework\system\Database\BaseConnection.php(574): CodeIgniter\Database\BaseConnection->initialize()
#3 C:\Users\OMEN\prakwebprog\vendor\codeigniter4\framework\system\Database\BaseBuilder.php(1616): CodeIgniter\Database\BaseConnection->query('SELECT *\nFROM `...', Array, false)
#4 C:\Users\OMEN\prakwebprog\vendor\codeigniter4\framework\system\Model.php(241): CodeIgniter\Database\BaseBuilder->get()
#5 C:\Users\OMEN\prakwebprog\vendor\codeigniter4\framework\system\BaseModel.php(618): CodeIgniter\Model->doFindAll(0, 0)
#6 C:\Users\OMEN\prakwebprog\app\Controllers\Crud.php(18): CodeIgniter\BaseModel->findAll()
#7 C:\Users\OMEN\prakwebprog\vendor\codeigniter4\framework\system\CodeIgniter.php(932): App\Controllers\Crud->index()
#8 C:\Users\OMEN\prakwebprog\vendor\codeigniter4\framework\system\CodeIgniter.php(497): CodeIgniter\CodeIgniter->runController(Object(App\Controllers\Crud))
#9 C:\Users\OMEN\prakwebprog\vendor\codeigniter4\framework\system\CodeIgniter.php(366): CodeIgniter\CodeIgniter->handleRequest(NULL, Object(Config\Cache), false)
#10 C:\Users\OMEN\prakwebprog\public\index.php(67): CodeIgniter\CodeIgniter->run()
#11 C:\Users\OMEN\prakwebprog\vendor\codeigniter4\framework\system\Commands\Server\rewrite.php(47): require_once('C:\\Users\\OMEN\\p...')
#12 {main}

Next CodeIgniter\Database\Exceptions\DatabaseException: Unknown database 'db_kampus' in C:\Users\OMEN\prakwebprog\vendor\codeigniter4\framework\system\Database\MySQLi\Connection.php:218
Stack trace:
#0 C:\Users\OMEN\prakwebprog\vendor\codeigniter4\framework\system\Database\BaseConnection.php(391): CodeIgniter\Database\MySQLi\Connection->connect(false)
#1 C:\Users\OMEN\prakwebprog\vendor\codeigniter4\framework\system\Database\BaseConnection.php(574): CodeIgniter\Database\BaseConnection->initialize()
#2 C:\Users\OMEN\prakwebprog\vendor\codeigniter4\framework\system\Database\BaseBuilder.php(1616): CodeIgniter\Database\BaseConnection->query('SELECT *\nFROM `...', Array, false)
#3 C:\Users\OMEN\prakwebprog\vendor\codeigniter4\framework\system\Model.php(241): CodeIgniter\Database\BaseBuilder->get()
#4 C:\Users\OMEN\prakwebprog\vendor\codeigniter4\framework\system\BaseModel.php(618): CodeIgniter\Model->doFindAll(0, 0)
#5 C:\Users\OMEN\prakwebprog\app\Controllers\Crud.php(18): CodeIgniter\BaseModel->findAll()
#6 C:\Users\OMEN\prakwebprog\vendor\codeigniter4\framework\system\CodeIgniter.php(932): App\Controllers\Crud->index()
#7 C:\Users\OMEN\prakwebprog\vendor\codeigniter4\framework\system\CodeIgniter.php(497): CodeIgniter\CodeIgniter->runController(Object(App\Controllers\Crud))
#8 C:\Users\OMEN\prakwebprog\vendor\codeigniter4\framework\system\CodeIgniter.php(366): CodeIgniter\CodeIgniter->handleRequest(NULL, Object(Config\Cache), false)
#9 C:\Users\OMEN\prakwebprog\public\index.php(67): CodeIgniter\CodeIgniter->run()
#10 C:\Users\OMEN\prakwebprog\vendor\codeigniter4\framework\system\Commands\Server\rewrite.php(47): require_once('C:\\Users\\OMEN\\p...')
#11 {main}
CRITICAL - 2023-07-15 13:20:51 --> Unable to connect to the database.
Main connection [MySQLi]: Unknown database 'db_kampus'
in SYSTEMPATH\Database\BaseConnection.php on line 427.
 1 SYSTEMPATH\Database\BaseConnection.php(574): CodeIgniter\Database\BaseConnection->initialize()
 2 SYSTEMPATH\Database\BaseBuilder.php(1616): CodeIgniter\Database\BaseConnection->query('SELECT *
FROM `tb_mahasiswa`', [], false)
 3 SYSTEMPATH\Model.php(241): CodeIgniter\Database\BaseBuilder->get()
 4 SYSTEMPATH\BaseModel.php(618): CodeIgniter\Model->doFindAll(0, 0)
 5 APPPATH\Controllers\Crud.php(18): CodeIgniter\BaseModel->findAll()
 6 SYSTEMPATH\CodeIgniter.php(932): App\Controllers\Crud->index()
 7 SYSTEMPATH\CodeIgniter.php(497): CodeIgniter\CodeIgniter->runController(Object(App\Controllers\Crud))
 8 SYSTEMPATH\CodeIgniter.php(366): CodeIgniter\CodeIgniter->handleRequest(null, Object(Config\Cache), false)
 9 FCPATH\index.php(67): CodeIgniter\CodeIgniter->run()
10 SYSTEMPATH\Commands\Server\rewrite.php(47): require_once('C:\\Users\\OMEN\\prakwebprog\\public\\index.php')
ERROR - 2023-07-15 13:23:19 --> Error connecting to the database: mysqli_sql_exception: Unknown database 'db_kampus' in C:\Users\OMEN\prakwebprog\vendor\codeigniter4\framework\system\Database\MySQLi\Connection.php:174
Stack trace:
#0 C:\Users\OMEN\prakwebprog\vendor\codeigniter4\framework\system\Database\MySQLi\Connection.php(174): mysqli->real_connect('localhost', 'root', '', 'db_kampus', 3306, '', 0)
#1 C:\Users\OMEN\prakwebprog\vendor\codeigniter4\framework\system\Database\BaseConnection.php(391): CodeIgniter\Database\MySQLi\Connection->connect(false)
#2 C:\Users\OMEN\prakwebprog\vendor\codeigniter4\framework\system\Database\BaseConnection.php(574): CodeIgniter\Database\BaseConnection->initialize()
#3 C:\Users\OMEN\prakwebprog\vendor\codeigniter4\framework\system\Database\BaseBuilder.php(1616): CodeIgniter\Database\BaseConnection->query('SELECT *\nFROM `...', Array, false)
#4 C:\Users\OMEN\prakwebprog\vendor\codeigniter4\framework\system\Model.php(241): CodeIgniter\Database\BaseBuilder->get()
#5 C:\Users\OMEN\prakwebprog\vendor\codeigniter4\framework\system\BaseModel.php(618): CodeIgniter\Model->doFindAll(0, 0)
#6 C:\Users\OMEN\prakwebprog\app\Controllers\Crud.php(18): CodeIgniter\BaseModel->findAll()
#7 C:\Users\OMEN\prakwebprog\vendor\codeigniter4\framework\system\CodeIgniter.php(932): App\Controllers\Crud->index()
#8 C:\Users\OMEN\prakwebprog\vendor\codeigniter4\framework\system\CodeIgniter.php(497): CodeIgniter\CodeIgniter->runController(Object(App\Controllers\Crud))
#9 C:\Users\OMEN\prakwebprog\vendor\codeigniter4\framework\system\CodeIgniter.php(366): CodeIgniter\CodeIgniter->handleRequest(NULL, Object(Config\Cache), false)
#10 C:\Users\OMEN\prakwebprog\public\index.php(67): CodeIgniter\CodeIgniter->run()
#11 C:\Users\OMEN\prakwebprog\vendor\codeigniter4\framework\system\Commands\Server\rewrite.php(47): require_once('C:\\Users\\OMEN\\p...')
#12 {main}

Next CodeIgniter\Database\Exceptions\DatabaseException: Unknown database 'db_kampus' in C:\Users\OMEN\prakwebprog\vendor\codeigniter4\framework\system\Database\MySQLi\Connection.php:218
Stack trace:
#0 C:\Users\OMEN\prakwebprog\vendor\codeigniter4\framework\system\Database\BaseConnection.php(391): CodeIgniter\Database\MySQLi\Connection->connect(false)
#1 C:\Users\OMEN\prakwebprog\vendor\codeigniter4\framework\system\Database\BaseConnection.php(574): CodeIgniter\Database\BaseConnection->initialize()
#2 C:\Users\OMEN\prakwebprog\vendor\codeigniter4\framework\system\Database\BaseBuilder.php(1616): CodeIgniter\Database\BaseConnection->query('SELECT *\nFROM `...', Array, false)
#3 C:\Users\OMEN\prakwebprog\vendor\codeigniter4\framework\system\Model.php(241): CodeIgniter\Database\BaseBuilder->get()
#4 C:\Users\OMEN\prakwebprog\vendor\codeigniter4\framework\system\BaseModel.php(618): CodeIgniter\Model->doFindAll(0, 0)
#5 C:\Users\OMEN\prakwebprog\app\Controllers\Crud.php(18): CodeIgniter\BaseModel->findAll()
#6 C:\Users\OMEN\prakwebprog\vendor\codeigniter4\framework\system\CodeIgniter.php(932): App\Controllers\Crud->index()
#7 C:\Users\OMEN\prakwebprog\vendor\codeigniter4\framework\system\CodeIgniter.php(497): CodeIgniter\CodeIgniter->runController(Object(App\Controllers\Crud))
#8 C:\Users\OMEN\prakwebprog\vendor\codeigniter4\framework\system\CodeIgniter.php(366): CodeIgniter\CodeIgniter->handleRequest(NULL, Object(Config\Cache), false)
#9 C:\Users\OMEN\prakwebprog\public\index.php(67): CodeIgniter\CodeIgniter->run()
#10 C:\Users\OMEN\prakwebprog\vendor\codeigniter4\framework\system\Commands\Server\rewrite.php(47): require_once('C:\\Users\\OMEN\\p...')
#11 {main}
CRITICAL - 2023-07-15 13:23:19 --> Unable to connect to the database.
Main connection [MySQLi]: Unknown database 'db_kampus'
in SYSTEMPATH\Database\BaseConnection.php on line 427.
 1 SYSTEMPATH\Database\BaseConnection.php(574): CodeIgniter\Database\BaseConnection->initialize()
 2 SYSTEMPATH\Database\BaseBuilder.php(1616): CodeIgniter\Database\BaseConnection->query('SELECT *
FROM `tb_mahasiswa`', [], false)
 3 SYSTEMPATH\Model.php(241): CodeIgniter\Database\BaseBuilder->get()
 4 SYSTEMPATH\BaseModel.php(618): CodeIgniter\Model->doFindAll(0, 0)
 5 APPPATH\Controllers\Crud.php(18): CodeIgniter\BaseModel->findAll()
 6 SYSTEMPATH\CodeIgniter.php(932): App\Controllers\Crud->index()
 7 SYSTEMPATH\CodeIgniter.php(497): CodeIgniter\CodeIgniter->runController(Object(App\Controllers\Crud))
 8 SYSTEMPATH\CodeIgniter.php(366): CodeIgniter\CodeIgniter->handleRequest(null, Object(Config\Cache), false)
 9 FCPATH\index.php(67): CodeIgniter\CodeIgniter->run()
10 SYSTEMPATH\Commands\Server\rewrite.php(47): require_once('C:\\Users\\OMEN\\prakwebprog\\public\\index.php')
ERROR - 2023-07-15 13:23:20 --> Error connecting to the database: mysqli_sql_exception: Unknown database 'db_kampus' in C:\Users\OMEN\prakwebprog\vendor\codeigniter4\framework\system\Database\MySQLi\Connection.php:174
Stack trace:
#0 C:\Users\OMEN\prakwebprog\vendor\codeigniter4\framework\system\Database\MySQLi\Connection.php(174): mysqli->real_connect('localhost', 'root', '', 'db_kampus', 3306, '', 0)
#1 C:\Users\OMEN\prakwebprog\vendor\codeigniter4\framework\system\Database\BaseConnection.php(391): CodeIgniter\Database\MySQLi\Connection->connect(false)
#2 C:\Users\OMEN\prakwebprog\vendor\codeigniter4\framework\system\Database\BaseConnection.php(574): CodeIgniter\Database\BaseConnection->initialize()
#3 C:\Users\OMEN\prakwebprog\vendor\codeigniter4\framework\system\Database\BaseBuilder.php(1616): CodeIgniter\Database\BaseConnection->query('SELECT *\nFROM `...', Array, false)
#4 C:\Users\OMEN\prakwebprog\vendor\codeigniter4\framework\system\Model.php(241): CodeIgniter\Database\BaseBuilder->get()
#5 C:\Users\OMEN\prakwebprog\vendor\codeigniter4\framework\system\BaseModel.php(618): CodeIgniter\Model->doFindAll(0, 0)
#6 C:\Users\OMEN\prakwebprog\app\Controllers\Crud.php(18): CodeIgniter\BaseModel->findAll()
#7 C:\Users\OMEN\prakwebprog\vendor\codeigniter4\framework\system\CodeIgniter.php(932): App\Controllers\Crud->index()
#8 C:\Users\OMEN\prakwebprog\vendor\codeigniter4\framework\system\CodeIgniter.php(497): CodeIgniter\CodeIgniter->runController(Object(App\Controllers\Crud))
#9 C:\Users\OMEN\prakwebprog\vendor\codeigniter4\framework\system\CodeIgniter.php(366): CodeIgniter\CodeIgniter->handleRequest(NULL, Object(Config\Cache), false)
#10 C:\Users\OMEN\prakwebprog\public\index.php(67): CodeIgniter\CodeIgniter->run()
#11 C:\Users\OMEN\prakwebprog\vendor\codeigniter4\framework\system\Commands\Server\rewrite.php(47): require_once('C:\\Users\\OMEN\\p...')
#12 {main}

Next CodeIgniter\Database\Exceptions\DatabaseException: Unknown database 'db_kampus' in C:\Users\OMEN\prakwebprog\vendor\codeigniter4\framework\system\Database\MySQLi\Connection.php:218
Stack trace:
#0 C:\Users\OMEN\prakwebprog\vendor\codeigniter4\framework\system\Database\BaseConnection.php(391): CodeIgniter\Database\MySQLi\Connection->connect(false)
#1 C:\Users\OMEN\prakwebprog\vendor\codeigniter4\framework\system\Database\BaseConnection.php(574): CodeIgniter\Database\BaseConnection->initialize()
#2 C:\Users\OMEN\prakwebprog\vendor\codeigniter4\framework\system\Database\BaseBuilder.php(1616): CodeIgniter\Database\BaseConnection->query('SELECT *\nFROM `...', Array, false)
#3 C:\Users\OMEN\prakwebprog\vendor\codeigniter4\framework\system\Model.php(241): CodeIgniter\Database\BaseBuilder->get()
#4 C:\Users\OMEN\prakwebprog\vendor\codeigniter4\framework\system\BaseModel.php(618): CodeIgniter\Model->doFindAll(0, 0)
#5 C:\Users\OMEN\prakwebprog\app\Controllers\Crud.php(18): CodeIgniter\BaseModel->findAll()
#6 C:\Users\OMEN\prakwebprog\vendor\codeigniter4\framework\system\CodeIgniter.php(932): App\Controllers\Crud->index()
#7 C:\Users\OMEN\prakwebprog\vendor\codeigniter4\framework\system\CodeIgniter.php(497): CodeIgniter\CodeIgniter->runController(Object(App\Controllers\Crud))
#8 C:\Users\OMEN\prakwebprog\vendor\codeigniter4\framework\system\CodeIgniter.php(366): CodeIgniter\CodeIgniter->handleRequest(NULL, Object(Config\Cache), false)
#9 C:\Users\OMEN\prakwebprog\public\index.php(67): CodeIgniter\CodeIgniter->run()
#10 C:\Users\OMEN\prakwebprog\vendor\codeigniter4\framework\system\Commands\Server\rewrite.php(47): require_once('C:\\Users\\OMEN\\p...')
#11 {main}
CRITICAL - 2023-07-15 13:23:20 --> Unable to connect to the database.
Main connection [MySQLi]: Unknown database 'db_kampus'
in SYSTEMPATH\Database\BaseConnection.php on line 427.
 1 SYSTEMPATH\Database\BaseConnection.php(574): CodeIgniter\Database\BaseConnection->initialize()
 2 SYSTEMPATH\Database\BaseBuilder.php(1616): CodeIgniter\Database\BaseConnection->query('SELECT *
FROM `tb_mahasiswa`', [], false)
 3 SYSTEMPATH\Model.php(241): CodeIgniter\Database\BaseBuilder->get()
 4 SYSTEMPATH\BaseModel.php(618): CodeIgniter\Model->doFindAll(0, 0)
 5 APPPATH\Controllers\Crud.php(18): CodeIgniter\BaseModel->findAll()
 6 SYSTEMPATH\CodeIgniter.php(932): App\Controllers\Crud->index()
 7 SYSTEMPATH\CodeIgniter.php(497): CodeIgniter\CodeIgniter->runController(Object(App\Controllers\Crud))
 8 SYSTEMPATH\CodeIgniter.php(366): CodeIgniter\CodeIgniter->handleRequest(null, Object(Config\Cache), false)
 9 FCPATH\index.php(67): CodeIgniter\CodeIgniter->run()
10 SYSTEMPATH\Commands\Server\rewrite.php(47): require_once('C:\\Users\\OMEN\\prakwebprog\\public\\index.php')
CRITICAL - 2023-07-15 13:31:12 --> Trying to access array offset on value of type null
in APPPATH\Views\crud\edit.php on line 25.
 1 APPPATH\Views\crud\edit.php(25): CodeIgniter\Debug\Exceptions->errorHandler(2, 'Trying to access array offset on value of type null', 'C:\\Users\\OMEN\\prakwebprog\\app\\Views\\crud\\edit.php', 25)
 2 SYSTEMPATH\View\View.php(224): include('C:\\Users\\OMEN\\prakwebprog\\app\\Views\\crud\\edit.php')
 3 SYSTEMPATH\View\View.php(227): CodeIgniter\View\View->CodeIgniter\View\{closure}()
 4 SYSTEMPATH\Common.php(1180): CodeIgniter\View\View->render('crud/edit', [], true)
 5 APPPATH\Controllers\Crud.php(53): view('crud/edit', [...])
 6 SYSTEMPATH\CodeIgniter.php(932): App\Controllers\Crud->edit('2147483647')
 7 SYSTEMPATH\CodeIgniter.php(497): CodeIgniter\CodeIgniter->runController(Object(App\Controllers\Crud))
 8 SYSTEMPATH\CodeIgniter.php(366): CodeIgniter\CodeIgniter->handleRequest(null, Object(Config\Cache), false)
 9 FCPATH\index.php(67): CodeIgniter\CodeIgniter->run()
10 SYSTEMPATH\Commands\Server\rewrite.php(47): require_once('C:\\Users\\OMEN\\prakwebprog\\public\\index.php')
CRITICAL - 2023-07-15 13:42:47 --> Undefined array key "nomor_handphone"
in APPPATH\Views\crud\view.php on line 43.
 1 APPPATH\Views\crud\view.php(43): CodeIgniter\Debug\Exceptions->errorHandler(2, 'Undefined array key "nomor_handphone"', 'C:\\Users\\OMEN\\prakwebprog\\app\\Views\\crud\\view.php', 43)
 2 SYSTEMPATH\View\View.php(224): include('C:\\Users\\OMEN\\prakwebprog\\app\\Views\\crud\\view.php')
 3 SYSTEMPATH\View\View.php(227): CodeIgniter\View\View->CodeIgniter\View\{closure}()
 4 SYSTEMPATH\Common.php(1180): CodeIgniter\View\View->render('crud/view', [], true)
 5 APPPATH\Controllers\Crud.php(23): view('crud/view', [...])
 6 SYSTEMPATH\CodeIgniter.php(932): App\Controllers\Crud->index()
 7 SYSTEMPATH\CodeIgniter.php(497): CodeIgniter\CodeIgniter->runController(Object(App\Controllers\Crud))
 8 SYSTEMPATH\CodeIgniter.php(366): CodeIgniter\CodeIgniter->handleRequest(null, Object(Config\Cache), false)
 9 FCPATH\index.php(67): CodeIgniter\CodeIgniter->run()
10 SYSTEMPATH\Commands\Server\rewrite.php(47): require_once('C:\\Users\\OMEN\\prakwebprog\\public\\index.php')
CRITICAL - 2023-07-15 13:49:14 --> Undefined array key "no_hp"
in APPPATH\Views\crud\view.php on line 43.
 1 APPPATH\Views\crud\view.php(43): CodeIgniter\Debug\Exceptions->errorHandler(2, 'Undefined array key "no_hp"', 'C:\\Users\\OMEN\\prakwebprog\\app\\Views\\crud\\view.php', 43)
 2 SYSTEMPATH\View\View.php(224): include('C:\\Users\\OMEN\\prakwebprog\\app\\Views\\crud\\view.php')
 3 SYSTEMPATH\View\View.php(227): CodeIgniter\View\View->CodeIgniter\View\{closure}()
 4 SYSTEMPATH\Common.php(1180): CodeIgniter\View\View->render('crud/view', [], true)
 5 APPPATH\Controllers\Crud.php(23): view('crud/view', [...])
 6 SYSTEMPATH\CodeIgniter.php(932): App\Controllers\Crud->index()
 7 SYSTEMPATH\CodeIgniter.php(497): CodeIgniter\CodeIgniter->runController(Object(App\Controllers\Crud))
 8 SYSTEMPATH\CodeIgniter.php(366): CodeIgniter\CodeIgniter->handleRequest(null, Object(Config\Cache), false)
 9 FCPATH\index.php(67): CodeIgniter\CodeIgniter->run()
10 SYSTEMPATH\Commands\Server\rewrite.php(47): require_once('C:\\Users\\OMEN\\prakwebprog\\public\\index.php')
CRITICAL - 2023-07-15 13:56:11 --> syntax error, unexpected token "else", expecting "function" or "const"
in APPPATH\Controllers\Crud.php on line 54.
 1 SYSTEMPATH\Autoloader\Autoloader.php(289): CodeIgniter\Autoloader\Autoloader->includeFile('C:\\Users\\OMEN\\prakwebprog\\app\\Controllers\\Crud.php')
 2 SYSTEMPATH\Autoloader\Autoloader.php(267): CodeIgniter\Autoloader\Autoloader->loadInNamespace('App\\Controllers\\Crud')
 3 [internal function]: CodeIgniter\Autoloader\Autoloader->loadClass('App\\Controllers\\Crud')
 4 SYSTEMPATH\CodeIgniter.php(890): class_exists('\\App\\Controllers\\Crud', true)
 5 SYSTEMPATH\CodeIgniter.php(484): CodeIgniter\CodeIgniter->startController()
 6 SYSTEMPATH\CodeIgniter.php(366): CodeIgniter\CodeIgniter->handleRequest(null, Object(Config\Cache), false)
 7 FCPATH\index.php(67): CodeIgniter\CodeIgniter->run()
 8 SYSTEMPATH\Commands\Server\rewrite.php(47): require_once('C:\\Users\\OMEN\\prakwebprog\\public\\index.php')
CRITICAL - 2023-07-15 13:56:16 --> syntax error, unexpected token "else", expecting "function" or "const"
in APPPATH\Controllers\Crud.php on line 54.
 1 SYSTEMPATH\Autoloader\Autoloader.php(289): CodeIgniter\Autoloader\Autoloader->includeFile('C:\\Users\\OMEN\\prakwebprog\\app\\Controllers\\Crud.php')
 2 SYSTEMPATH\Autoloader\Autoloader.php(267): CodeIgniter\Autoloader\Autoloader->loadInNamespace('App\\Controllers\\Crud')
 3 [internal function]: CodeIgniter\Autoloader\Autoloader->loadClass('App\\Controllers\\Crud')
 4 SYSTEMPATH\CodeIgniter.php(890): class_exists('\\App\\Controllers\\Crud', true)
 5 SYSTEMPATH\CodeIgniter.php(484): CodeIgniter\CodeIgniter->startController()
 6 SYSTEMPATH\CodeIgniter.php(366): CodeIgniter\CodeIgniter->handleRequest(null, Object(Config\Cache), false)
 7 FCPATH\index.php(67): CodeIgniter\CodeIgniter->run()
 8 SYSTEMPATH\Commands\Server\rewrite.php(47): require_once('C:\\Users\\OMEN\\prakwebprog\\public\\index.php')
CRITICAL - 2023-07-15 13:56:18 --> syntax error, unexpected token "else", expecting "function" or "const"
in APPPATH\Controllers\Crud.php on line 54.
 1 SYSTEMPATH\Autoloader\Autoloader.php(289): CodeIgniter\Autoloader\Autoloader->includeFile('C:\\Users\\OMEN\\prakwebprog\\app\\Controllers\\Crud.php')
 2 SYSTEMPATH\Autoloader\Autoloader.php(267): CodeIgniter\Autoloader\Autoloader->loadInNamespace('App\\Controllers\\Crud')
 3 [internal function]: CodeIgniter\Autoloader\Autoloader->loadClass('App\\Controllers\\Crud')
 4 SYSTEMPATH\CodeIgniter.php(890): class_exists('\\App\\Controllers\\Crud', true)
 5 SYSTEMPATH\CodeIgniter.php(484): CodeIgniter\CodeIgniter->startController()
 6 SYSTEMPATH\CodeIgniter.php(366): CodeIgniter\CodeIgniter->handleRequest(null, Object(Config\Cache), false)
 7 FCPATH\index.php(67): CodeIgniter\CodeIgniter->run()
 8 SYSTEMPATH\Commands\Server\rewrite.php(47): require_once('C:\\Users\\OMEN\\prakwebprog\\public\\index.php')
CRITICAL - 2023-07-15 14:28:05 --> Undefined array key "newProdi"
in APPPATH\Controllers\Crud.php on line 89.
 1 APPPATH\Controllers\Crud.php(89): CodeIgniter\Debug\Exceptions->errorHandler(2, 'Undefined array key "newProdi"', 'C:\\Users\\OMEN\\prakwebprog\\app\\Controllers\\Crud.php', 89)
 2 SYSTEMPATH\CodeIgniter.php(932): App\Controllers\Crud->editan()
 3 SYSTEMPATH\CodeIgniter.php(497): CodeIgniter\CodeIgniter->runController(Object(App\Controllers\Crud))
 4 SYSTEMPATH\CodeIgniter.php(366): CodeIgniter\CodeIgniter->handleRequest(null, Object(Config\Cache), false)
 5 FCPATH\index.php(67): CodeIgniter\CodeIgniter->run()
 6 SYSTEMPATH\Commands\Server\rewrite.php(47): require_once('C:\\Users\\OMEN\\prakwebprog\\public\\index.php')
CRITICAL - 2023-07-15 14:28:57 --> Undefined array key "newProdi"
in APPPATH\Controllers\Crud.php on line 90.
 1 APPPATH\Controllers\Crud.php(90): CodeIgniter\Debug\Exceptions->errorHandler(2, 'Undefined array key "newProdi"', 'C:\\Users\\OMEN\\prakwebprog\\app\\Controllers\\Crud.php', 90)
 2 SYSTEMPATH\CodeIgniter.php(932): App\Controllers\Crud->editan()
 3 SYSTEMPATH\CodeIgniter.php(497): CodeIgniter\CodeIgniter->runController(Object(App\Controllers\Crud))
 4 SYSTEMPATH\CodeIgniter.php(366): CodeIgniter\CodeIgniter->handleRequest(null, Object(Config\Cache), false)
 5 FCPATH\index.php(67): CodeIgniter\CodeIgniter->run()
 6 SYSTEMPATH\Commands\Server\rewrite.php(47): require_once('C:\\Users\\OMEN\\prakwebprog\\public\\index.php')
CRITICAL - 2023-07-15 14:30:21 --> Undefined array key "newProdi"
in APPPATH\Controllers\Crud.php on line 91.
 1 APPPATH\Controllers\Crud.php(91): CodeIgniter\Debug\Exceptions->errorHandler(2, 'Undefined array key "newProdi"', 'C:\\Users\\OMEN\\prakwebprog\\app\\Controllers\\Crud.php', 91)
 2 SYSTEMPATH\CodeIgniter.php(932): App\Controllers\Crud->editan()
 3 SYSTEMPATH\CodeIgniter.php(497): CodeIgniter\CodeIgniter->runController(Object(App\Controllers\Crud))
 4 SYSTEMPATH\CodeIgniter.php(366): CodeIgniter\CodeIgniter->handleRequest(null, Object(Config\Cache), false)
 5 FCPATH\index.php(67): CodeIgniter\CodeIgniter->run()
 6 SYSTEMPATH\Commands\Server\rewrite.php(47): require_once('C:\\Users\\OMEN\\prakwebprog\\public\\index.php')
CRITICAL - 2023-07-15 14:34:08 --> Undefined array key "newProdi"
in APPPATH\Controllers\Crud.php on line 91.
 1 APPPATH\Controllers\Crud.php(91): CodeIgniter\Debug\Exceptions->errorHandler(2, 'Undefined array key "newProdi"', 'C:\\Users\\OMEN\\prakwebprog\\app\\Controllers\\Crud.php', 91)
 2 SYSTEMPATH\CodeIgniter.php(932): App\Controllers\Crud->editan()
 3 SYSTEMPATH\CodeIgniter.php(497): CodeIgniter\CodeIgniter->runController(Object(App\Controllers\Crud))
 4 SYSTEMPATH\CodeIgniter.php(366): CodeIgniter\CodeIgniter->handleRequest(null, Object(Config\Cache), false)
 5 FCPATH\index.php(67): CodeIgniter\CodeIgniter->run()
 6 SYSTEMPATH\Commands\Server\rewrite.php(47): require_once('C:\\Users\\OMEN\\prakwebprog\\public\\index.php')
CRITICAL - 2023-07-15 14:41:20 --> Undefined array key "newProdi"
in APPPATH\Controllers\Crud.php on line 91.
 1 APPPATH\Controllers\Crud.php(91): CodeIgniter\Debug\Exceptions->errorHandler(2, 'Undefined array key "newProdi"', 'C:\\Users\\OMEN\\prakwebprog\\app\\Controllers\\Crud.php', 91)
 2 SYSTEMPATH\CodeIgniter.php(932): App\Controllers\Crud->editan()
 3 SYSTEMPATH\CodeIgniter.php(497): CodeIgniter\CodeIgniter->runController(Object(App\Controllers\Crud))
 4 SYSTEMPATH\CodeIgniter.php(366): CodeIgniter\CodeIgniter->handleRequest(null, Object(Config\Cache), false)
 5 FCPATH\index.php(67): CodeIgniter\CodeIgniter->run()
 6 SYSTEMPATH\Commands\Server\rewrite.php(47): require_once('C:\\Users\\OMEN\\prakwebprog\\public\\index.php')
CRITICAL - 2023-07-15 15:01:31 --> Attempt to read property "nama" on array
in APPPATH\Controllers\Crud.php on line 73.
 1 APPPATH\Controllers\Crud.php(73): CodeIgniter\Debug\Exceptions->errorHandler(2, 'Attempt to read property "nama" on array', 'C:\\Users\\OMEN\\prakwebprog\\app\\Controllers\\Crud.php', 73)
 2 SYSTEMPATH\CodeIgniter.php(932): App\Controllers\Crud->edit('1111')
 3 SYSTEMPATH\CodeIgniter.php(497): CodeIgniter\CodeIgniter->runController(Object(App\Controllers\Crud))
 4 SYSTEMPATH\CodeIgniter.php(366): CodeIgniter\CodeIgniter->handleRequest(null, Object(Config\Cache), false)
 5 FCPATH\index.php(67): CodeIgniter\CodeIgniter->run()
 6 SYSTEMPATH\Commands\Server\rewrite.php(47): require_once('C:\\Users\\OMEN\\prakwebprog\\public\\index.php')
CRITICAL - 2023-07-15 15:01:38 --> Attempt to read property "nama" on array
in APPPATH\Controllers\Crud.php on line 73.
 1 APPPATH\Controllers\Crud.php(73): CodeIgniter\Debug\Exceptions->errorHandler(2, 'Attempt to read property "nama" on array', 'C:\\Users\\OMEN\\prakwebprog\\app\\Controllers\\Crud.php', 73)
 2 SYSTEMPATH\CodeIgniter.php(932): App\Controllers\Crud->edit('1111')
 3 SYSTEMPATH\CodeIgniter.php(497): CodeIgniter\CodeIgniter->runController(Object(App\Controllers\Crud))
 4 SYSTEMPATH\CodeIgniter.php(366): CodeIgniter\CodeIgniter->handleRequest(null, Object(Config\Cache), false)
 5 FCPATH\index.php(67): CodeIgniter\CodeIgniter->run()
 6 SYSTEMPATH\Commands\Server\rewrite.php(47): require_once('C:\\Users\\OMEN\\prakwebprog\\public\\index.php')
CRITICAL - 2023-07-15 15:01:57 --> Undefined array key "newProdi"
in APPPATH\Controllers\Crud.php on line 89.
 1 APPPATH\Controllers\Crud.php(89): CodeIgniter\Debug\Exceptions->errorHandler(2, 'Undefined array key "newProdi"', 'C:\\Users\\OMEN\\prakwebprog\\app\\Controllers\\Crud.php', 89)
 2 SYSTEMPATH\CodeIgniter.php(932): App\Controllers\Crud->editan()
 3 SYSTEMPATH\CodeIgniter.php(497): CodeIgniter\CodeIgniter->runController(Object(App\Controllers\Crud))
 4 SYSTEMPATH\CodeIgniter.php(366): CodeIgniter\CodeIgniter->handleRequest(null, Object(Config\Cache), false)
 5 FCPATH\index.php(67): CodeIgniter\CodeIgniter->run()
 6 SYSTEMPATH\Commands\Server\rewrite.php(47): require_once('C:\\Users\\OMEN\\prakwebprog\\public\\index.php')
CRITICAL - 2023-07-15 15:04:07 --> Undefined array key "newProdi"
in APPPATH\Controllers\Crud.php on line 89.
 1 APPPATH\Controllers\Crud.php(89): CodeIgniter\Debug\Exceptions->errorHandler(2, 'Undefined array key "newProdi"', 'C:\\Users\\OMEN\\prakwebprog\\app\\Controllers\\Crud.php', 89)
 2 SYSTEMPATH\CodeIgniter.php(932): App\Controllers\Crud->editan()
 3 SYSTEMPATH\CodeIgniter.php(497): CodeIgniter\CodeIgniter->runController(Object(App\Controllers\Crud))
 4 SYSTEMPATH\CodeIgniter.php(366): CodeIgniter\CodeIgniter->handleRequest(null, Object(Config\Cache), false)
 5 FCPATH\index.php(67): CodeIgniter\CodeIgniter->run()
 6 SYSTEMPATH\Commands\Server\rewrite.php(47): require_once('C:\\Users\\OMEN\\prakwebprog\\public\\index.php')
CRITICAL - 2023-07-15 15:14:05 --> Undefined array key "newProdi"
in APPPATH\Controllers\Crud.php on line 89.
 1 APPPATH\Controllers\Crud.php(89): CodeIgniter\Debug\Exceptions->errorHandler(2, 'Undefined array key "newProdi"', 'C:\\Users\\OMEN\\prakwebprog\\app\\Controllers\\Crud.php', 89)
 2 SYSTEMPATH\CodeIgniter.php(932): App\Controllers\Crud->editan()
 3 SYSTEMPATH\CodeIgniter.php(497): CodeIgniter\CodeIgniter->runController(Object(App\Controllers\Crud))
 4 SYSTEMPATH\CodeIgniter.php(366): CodeIgniter\CodeIgniter->handleRequest(null, Object(Config\Cache), false)
 5 FCPATH\index.php(67): CodeIgniter\CodeIgniter->run()
 6 SYSTEMPATH\Commands\Server\rewrite.php(47): require_once('C:\\Users\\OMEN\\prakwebprog\\public\\index.php')
CRITICAL - 2023-07-15 15:15:38 --> Undefined array key "newProdi"
in APPPATH\Controllers\Crud.php on line 89.
 1 APPPATH\Controllers\Crud.php(89): CodeIgniter\Debug\Exceptions->errorHandler(2, 'Undefined array key "newProdi"', 'C:\\Users\\OMEN\\prakwebprog\\app\\Controllers\\Crud.php', 89)
 2 SYSTEMPATH\CodeIgniter.php(932): App\Controllers\Crud->editan()
 3 SYSTEMPATH\CodeIgniter.php(497): CodeIgniter\CodeIgniter->runController(Object(App\Controllers\Crud))
 4 SYSTEMPATH\CodeIgniter.php(366): CodeIgniter\CodeIgniter->handleRequest(null, Object(Config\Cache), false)
 5 FCPATH\index.php(67): CodeIgniter\CodeIgniter->run()
 6 SYSTEMPATH\Commands\Server\rewrite.php(47): require_once('C:\\Users\\OMEN\\prakwebprog\\public\\index.php')
CRITICAL - 2023-07-15 15:22:34 --> Undefined variable $newMahasiswa
in APPPATH\Controllers\Crud.php on line 74.
 1 APPPATH\Controllers\Crud.php(74): CodeIgniter\Debug\Exceptions->errorHandler(2, 'Undefined variable $newMahasiswa', 'C:\\Users\\OMEN\\prakwebprog\\app\\Controllers\\Crud.php', 74)
 2 SYSTEMPATH\CodeIgniter.php(932): App\Controllers\Crud->edit('1111')
 3 SYSTEMPATH\CodeIgniter.php(497): CodeIgniter\CodeIgniter->runController(Object(App\Controllers\Crud))
 4 SYSTEMPATH\CodeIgniter.php(366): CodeIgniter\CodeIgniter->handleRequest(null, Object(Config\Cache), false)
 5 FCPATH\index.php(67): CodeIgniter\CodeIgniter->run()
 6 SYSTEMPATH\Commands\Server\rewrite.php(47): require_once('C:\\Users\\OMEN\\prakwebprog\\public\\index.php')
CRITICAL - 2023-07-15 15:22:37 --> Undefined variable $newMahasiswa
in APPPATH\Controllers\Crud.php on line 74.
 1 APPPATH\Controllers\Crud.php(74): CodeIgniter\Debug\Exceptions->errorHandler(2, 'Undefined variable $newMahasiswa', 'C:\\Users\\OMEN\\prakwebprog\\app\\Controllers\\Crud.php', 74)
 2 SYSTEMPATH\CodeIgniter.php(932): App\Controllers\Crud->edit('1111')
 3 SYSTEMPATH\CodeIgniter.php(497): CodeIgniter\CodeIgniter->runController(Object(App\Controllers\Crud))
 4 SYSTEMPATH\CodeIgniter.php(366): CodeIgniter\CodeIgniter->handleRequest(null, Object(Config\Cache), false)
 5 FCPATH\index.php(67): CodeIgniter\CodeIgniter->run()
 6 SYSTEMPATH\Commands\Server\rewrite.php(47): require_once('C:\\Users\\OMEN\\prakwebprog\\public\\index.php')
CRITICAL - 2023-07-15 15:22:39 --> Undefined variable $newMahasiswa
in APPPATH\Controllers\Crud.php on line 74.
 1 APPPATH\Controllers\Crud.php(74): CodeIgniter\Debug\Exceptions->errorHandler(2, 'Undefined variable $newMahasiswa', 'C:\\Users\\OMEN\\prakwebprog\\app\\Controllers\\Crud.php', 74)
 2 SYSTEMPATH\CodeIgniter.php(932): App\Controllers\Crud->edit('1111')
 3 SYSTEMPATH\CodeIgniter.php(497): CodeIgniter\CodeIgniter->runController(Object(App\Controllers\Crud))
 4 SYSTEMPATH\CodeIgniter.php(366): CodeIgniter\CodeIgniter->handleRequest(null, Object(Config\Cache), false)
 5 FCPATH\index.php(67): CodeIgniter\CodeIgniter->run()
 6 SYSTEMPATH\Commands\Server\rewrite.php(47): require_once('C:\\Users\\OMEN\\prakwebprog\\public\\index.php')
CRITICAL - 2023-07-15 16:17:53 --> syntax error, unexpected single-quoted string "prodi", expecting "]"
in APPPATH\Controllers\Crud.php on line 38.
 1 SYSTEMPATH\Autoloader\Autoloader.php(289): CodeIgniter\Autoloader\Autoloader->includeFile('C:\\Users\\OMEN\\prakwebprog\\app\\Controllers\\Crud.php')
 2 SYSTEMPATH\Autoloader\Autoloader.php(267): CodeIgniter\Autoloader\Autoloader->loadInNamespace('App\\Controllers\\Crud')
 3 [internal function]: CodeIgniter\Autoloader\Autoloader->loadClass('App\\Controllers\\Crud')
 4 SYSTEMPATH\CodeIgniter.php(890): class_exists('\\App\\Controllers\\Crud', true)
 5 SYSTEMPATH\CodeIgniter.php(484): CodeIgniter\CodeIgniter->startController()
 6 SYSTEMPATH\CodeIgniter.php(366): CodeIgniter\CodeIgniter->handleRequest(null, Object(Config\Cache), false)
 7 FCPATH\index.php(67): CodeIgniter\CodeIgniter->run()
 8 SYSTEMPATH\Commands\Server\rewrite.php(47): require_once('C:\\Users\\OMEN\\prakwebprog\\public\\index.php')
CRITICAL - 2023-07-15 16:17:55 --> syntax error, unexpected single-quoted string "prodi", expecting "]"
in APPPATH\Controllers\Crud.php on line 38.
 1 SYSTEMPATH\Autoloader\Autoloader.php(289): CodeIgniter\Autoloader\Autoloader->includeFile('C:\\Users\\OMEN\\prakwebprog\\app\\Controllers\\Crud.php')
 2 SYSTEMPATH\Autoloader\Autoloader.php(267): CodeIgniter\Autoloader\Autoloader->loadInNamespace('App\\Controllers\\Crud')
 3 [internal function]: CodeIgniter\Autoloader\Autoloader->loadClass('App\\Controllers\\Crud')
 4 SYSTEMPATH\CodeIgniter.php(890): class_exists('\\App\\Controllers\\Crud', true)
 5 SYSTEMPATH\CodeIgniter.php(484): CodeIgniter\CodeIgniter->startController()
 6 SYSTEMPATH\CodeIgniter.php(366): CodeIgniter\CodeIgniter->handleRequest(null, Object(Config\Cache), false)
 7 FCPATH\index.php(67): CodeIgniter\CodeIgniter->run()
 8 SYSTEMPATH\Commands\Server\rewrite.php(47): require_once('C:\\Users\\OMEN\\prakwebprog\\public\\index.php')
CRITICAL - 2023-07-15 16:18:30 --> Trying to access array offset on value of type null
in APPPATH\Views\crud\edit.php on line 25.
 1 APPPATH\Views\crud\edit.php(25): CodeIgniter\Debug\Exceptions->errorHandler(2, 'Trying to access array offset on value of type null', 'C:\\Users\\OMEN\\prakwebprog\\app\\Views\\crud\\edit.php', 25)
 2 SYSTEMPATH\View\View.php(224): include('C:\\Users\\OMEN\\prakwebprog\\app\\Views\\crud\\edit.php')
 3 SYSTEMPATH\View\View.php(227): CodeIgniter\View\View->CodeIgniter\View\{closure}()
 4 SYSTEMPATH\Common.php(1180): CodeIgniter\View\View->render('crud/edit', [], true)
 5 APPPATH\Controllers\Crud.php(55): view('crud/edit', [...])
 6 SYSTEMPATH\CodeIgniter.php(932): App\Controllers\Crud->edit('12')
 7 SYSTEMPATH\CodeIgniter.php(497): CodeIgniter\CodeIgniter->runController(Object(App\Controllers\Crud))
 8 SYSTEMPATH\CodeIgniter.php(366): CodeIgniter\CodeIgniter->handleRequest(null, Object(Config\Cache), false)
 9 FCPATH\index.php(67): CodeIgniter\CodeIgniter->run()
10 SYSTEMPATH\Commands\Server\rewrite.php(47): require_once('C:\\Users\\OMEN\\prakwebprog\\public\\index.php')
CRITICAL - 2023-07-15 16:18:31 --> Trying to access array offset on value of type null
in APPPATH\Views\crud\edit.php on line 25.
 1 APPPATH\Views\crud\edit.php(25): CodeIgniter\Debug\Exceptions->errorHandler(2, 'Trying to access array offset on value of type null', 'C:\\Users\\OMEN\\prakwebprog\\app\\Views\\crud\\edit.php', 25)
 2 SYSTEMPATH\View\View.php(224): include('C:\\Users\\OMEN\\prakwebprog\\app\\Views\\crud\\edit.php')
 3 SYSTEMPATH\View\View.php(227): CodeIgniter\View\View->CodeIgniter\View\{closure}()
 4 SYSTEMPATH\Common.php(1180): CodeIgniter\View\View->render('crud/edit', [], true)
 5 APPPATH\Controllers\Crud.php(55): view('crud/edit', [...])
 6 SYSTEMPATH\CodeIgniter.php(932): App\Controllers\Crud->edit('12')
 7 SYSTEMPATH\CodeIgniter.php(497): CodeIgniter\CodeIgniter->runController(Object(App\Controllers\Crud))
 8 SYSTEMPATH\CodeIgniter.php(366): CodeIgniter\CodeIgniter->handleRequest(null, Object(Config\Cache), false)
 9 FCPATH\index.php(67): CodeIgniter\CodeIgniter->run()
10 SYSTEMPATH\Commands\Server\rewrite.php(47): require_once('C:\\Users\\OMEN\\prakwebprog\\public\\index.php')
CRITICAL - 2023-07-15 16:29:43 --> Undefined array key "univ"
in APPPATH\Views\crud\edit.php on line 50.
 1 APPPATH\Views\crud\edit.php(50): CodeIgniter\Debug\Exceptions->errorHandler(2, 'Undefined array key "univ"', 'C:\\Users\\OMEN\\prakwebprog\\app\\Views\\crud\\edit.php', 50)
 2 SYSTEMPATH\View\View.php(224): include('C:\\Users\\OMEN\\prakwebprog\\app\\Views\\crud\\edit.php')
 3 SYSTEMPATH\View\View.php(227): CodeIgniter\View\View->CodeIgniter\View\{closure}()
 4 SYSTEMPATH\Common.php(1180): CodeIgniter\View\View->render('crud/edit', [], true)
 5 APPPATH\Controllers\Crud.php(55): view('crud/edit', [...])
 6 SYSTEMPATH\CodeIgniter.php(932): App\Controllers\Crud->edit('14')
 7 SYSTEMPATH\CodeIgniter.php(497): CodeIgniter\CodeIgniter->runController(Object(App\Controllers\Crud))
 8 SYSTEMPATH\CodeIgniter.php(366): CodeIgniter\CodeIgniter->handleRequest(null, Object(Config\Cache), false)
 9 FCPATH\index.php(67): CodeIgniter\CodeIgniter->run()
10 SYSTEMPATH\Commands\Server\rewrite.php(47): require_once('C:\\Users\\OMEN\\prakwebprog\\public\\index.php')
CRITICAL - 2023-07-15 16:29:51 --> Undefined array key "univ"
in APPPATH\Views\crud\edit.php on line 50.
 1 APPPATH\Views\crud\edit.php(50): CodeIgniter\Debug\Exceptions->errorHandler(2, 'Undefined array key "univ"', 'C:\\Users\\OMEN\\prakwebprog\\app\\Views\\crud\\edit.php', 50)
 2 SYSTEMPATH\View\View.php(224): include('C:\\Users\\OMEN\\prakwebprog\\app\\Views\\crud\\edit.php')
 3 SYSTEMPATH\View\View.php(227): CodeIgniter\View\View->CodeIgniter\View\{closure}()
 4 SYSTEMPATH\Common.php(1180): CodeIgniter\View\View->render('crud/edit', [], true)
 5 APPPATH\Controllers\Crud.php(55): view('crud/edit', [...])
 6 SYSTEMPATH\CodeIgniter.php(932): App\Controllers\Crud->edit('14')
 7 SYSTEMPATH\CodeIgniter.php(497): CodeIgniter\CodeIgniter->runController(Object(App\Controllers\Crud))
 8 SYSTEMPATH\CodeIgniter.php(366): CodeIgniter\CodeIgniter->handleRequest(null, Object(Config\Cache), false)
 9 FCPATH\index.php(67): CodeIgniter\CodeIgniter->run()
10 SYSTEMPATH\Commands\Server\rewrite.php(47): require_once('C:\\Users\\OMEN\\prakwebprog\\public\\index.php')
CRITICAL - 2023-07-15 18:09:15 --> Undefined array key "univ"
in APPPATH\Views\crud\edit.php on line 54.
 1 APPPATH\Views\crud\edit.php(54): CodeIgniter\Debug\Exceptions->errorHandler(2, 'Undefined array key "univ"', 'C:\\Users\\OMEN\\prakwebprog\\app\\Views\\crud\\edit.php', 54)
 2 SYSTEMPATH\View\View.php(224): include('C:\\Users\\OMEN\\prakwebprog\\app\\Views\\crud\\edit.php')
 3 SYSTEMPATH\View\View.php(227): CodeIgniter\View\View->CodeIgniter\View\{closure}()
 4 SYSTEMPATH\Common.php(1180): CodeIgniter\View\View->render('crud/edit', [], true)
 5 APPPATH\Controllers\Crud.php(55): view('crud/edit', [...])
 6 SYSTEMPATH\CodeIgniter.php(932): App\Controllers\Crud->edit('14')
 7 SYSTEMPATH\CodeIgniter.php(497): CodeIgniter\CodeIgniter->runController(Object(App\Controllers\Crud))
 8 SYSTEMPATH\CodeIgniter.php(366): CodeIgniter\CodeIgniter->handleRequest(null, Object(Config\Cache), false)
 9 FCPATH\index.php(67): CodeIgniter\CodeIgniter->run()
10 SYSTEMPATH\Commands\Server\rewrite.php(47): require_once('C:\\Users\\OMEN\\prakwebprog\\public\\index.php')
CRITICAL - 2023-07-15 18:10:19 --> Undefined array key "univ"
in APPPATH\Views\crud\edit.php on line 54.
 1 APPPATH\Views\crud\edit.php(54): CodeIgniter\Debug\Exceptions->errorHandler(2, 'Undefined array key "univ"', 'C:\\Users\\OMEN\\prakwebprog\\app\\Views\\crud\\edit.php', 54)
 2 SYSTEMPATH\View\View.php(224): include('C:\\Users\\OMEN\\prakwebprog\\app\\Views\\crud\\edit.php')
 3 SYSTEMPATH\View\View.php(227): CodeIgniter\View\View->CodeIgniter\View\{closure}()
 4 SYSTEMPATH\Common.php(1180): CodeIgniter\View\View->render('crud/edit', [], true)
 5 APPPATH\Controllers\Crud.php(55): view('crud/edit', [...])
 6 SYSTEMPATH\CodeIgniter.php(932): App\Controllers\Crud->edit('14')
 7 SYSTEMPATH\CodeIgniter.php(497): CodeIgniter\CodeIgniter->runController(Object(App\Controllers\Crud))
 8 SYSTEMPATH\CodeIgniter.php(366): CodeIgniter\CodeIgniter->handleRequest(null, Object(Config\Cache), false)
 9 FCPATH\index.php(67): CodeIgniter\CodeIgniter->run()
10 SYSTEMPATH\Commands\Server\rewrite.php(47): require_once('C:\\Users\\OMEN\\prakwebprog\\public\\index.php')
CRITICAL - 2023-07-15 18:11:32 --> Undefined array key "univ"
in APPPATH\Views\crud\edit.php on line 54.
 1 APPPATH\Views\crud\edit.php(54): CodeIgniter\Debug\Exceptions->errorHandler(2, 'Undefined array key "univ"', 'C:\\Users\\OMEN\\prakwebprog\\app\\Views\\crud\\edit.php', 54)
 2 SYSTEMPATH\View\View.php(224): include('C:\\Users\\OMEN\\prakwebprog\\app\\Views\\crud\\edit.php')
 3 SYSTEMPATH\View\View.php(227): CodeIgniter\View\View->CodeIgniter\View\{closure}()
 4 SYSTEMPATH\Common.php(1180): CodeIgniter\View\View->render('crud/edit', [], true)
 5 APPPATH\Controllers\Crud.php(57): view('crud/edit', [...])
 6 SYSTEMPATH\CodeIgniter.php(932): App\Controllers\Crud->edit('14')
 7 SYSTEMPATH\CodeIgniter.php(497): CodeIgniter\CodeIgniter->runController(Object(App\Controllers\Crud))
 8 SYSTEMPATH\CodeIgniter.php(366): CodeIgniter\CodeIgniter->handleRequest(null, Object(Config\Cache), false)
 9 FCPATH\index.php(67): CodeIgniter\CodeIgniter->run()
10 SYSTEMPATH\Commands\Server\rewrite.php(47): require_once('C:\\Users\\OMEN\\prakwebprog\\public\\index.php')
CRITICAL - 2023-07-15 18:36:22 --> Undefined array key "nomor_handphone"
in APPPATH\Controllers\Crud.php on line 71.
 1 APPPATH\Controllers\Crud.php(71): CodeIgniter\Debug\Exceptions->errorHandler(2, 'Undefined array key "nomor_handphone"', 'C:\\Users\\OMEN\\prakwebprog\\app\\Controllers\\Crud.php', 71)
 2 SYSTEMPATH\CodeIgniter.php(932): App\Controllers\Crud->editan()
 3 SYSTEMPATH\CodeIgniter.php(497): CodeIgniter\CodeIgniter->runController(Object(App\Controllers\Crud))
 4 SYSTEMPATH\CodeIgniter.php(366): CodeIgniter\CodeIgniter->handleRequest(null, Object(Config\Cache), false)
 5 FCPATH\index.php(67): CodeIgniter\CodeIgniter->run()
 6 SYSTEMPATH\Commands\Server\rewrite.php(47): require_once('C:\\Users\\OMEN\\prakwebprog\\public\\index.php')
CRITICAL - 2023-07-15 18:37:09 --> Undefined array key "no_hp"
in APPPATH\Views\crud\edit.php on line 64.
 1 APPPATH\Views\crud\edit.php(64): CodeIgniter\Debug\Exceptions->errorHandler(2, 'Undefined array key "no_hp"', 'C:\\Users\\OMEN\\prakwebprog\\app\\Views\\crud\\edit.php', 64)
 2 SYSTEMPATH\View\View.php(224): include('C:\\Users\\OMEN\\prakwebprog\\app\\Views\\crud\\edit.php')
 3 SYSTEMPATH\View\View.php(227): CodeIgniter\View\View->CodeIgniter\View\{closure}()
 4 SYSTEMPATH\Common.php(1180): CodeIgniter\View\View->render('crud/edit', [], true)
 5 APPPATH\Controllers\Crud.php(59): view('crud/edit', [...])
 6 SYSTEMPATH\CodeIgniter.php(932): App\Controllers\Crud->edit('14')
 7 SYSTEMPATH\CodeIgniter.php(497): CodeIgniter\CodeIgniter->runController(Object(App\Controllers\Crud))
 8 SYSTEMPATH\CodeIgniter.php(366): CodeIgniter\CodeIgniter->handleRequest(null, Object(Config\Cache), false)
 9 FCPATH\index.php(67): CodeIgniter\CodeIgniter->run()
10 SYSTEMPATH\Commands\Server\rewrite.php(47): require_once('C:\\Users\\OMEN\\prakwebprog\\public\\index.php')
CRITICAL - 2023-07-15 18:37:13 --> Undefined array key "no_hp"
in APPPATH\Views\crud\edit.php on line 64.
 1 APPPATH\Views\crud\edit.php(64): CodeIgniter\Debug\Exceptions->errorHandler(2, 'Undefined array key "no_hp"', 'C:\\Users\\OMEN\\prakwebprog\\app\\Views\\crud\\edit.php', 64)
 2 SYSTEMPATH\View\View.php(224): include('C:\\Users\\OMEN\\prakwebprog\\app\\Views\\crud\\edit.php')
 3 SYSTEMPATH\View\View.php(227): CodeIgniter\View\View->CodeIgniter\View\{closure}()
 4 SYSTEMPATH\Common.php(1180): CodeIgniter\View\View->render('crud/edit', [], true)
 5 APPPATH\Controllers\Crud.php(59): view('crud/edit', [...])
 6 SYSTEMPATH\CodeIgniter.php(932): App\Controllers\Crud->edit('14')
 7 SYSTEMPATH\CodeIgniter.php(497): CodeIgniter\CodeIgniter->runController(Object(App\Controllers\Crud))
 8 SYSTEMPATH\CodeIgniter.php(366): CodeIgniter\CodeIgniter->handleRequest(null, Object(Config\Cache), false)
 9 FCPATH\index.php(67): CodeIgniter\CodeIgniter->run()
10 SYSTEMPATH\Commands\Server\rewrite.php(47): require_once('C:\\Users\\OMEN\\prakwebprog\\public\\index.php')
CRITICAL - 2023-07-15 18:37:21 --> Undefined array key "no_hp"
in APPPATH\Views\crud\edit.php on line 64.
 1 APPPATH\Views\crud\edit.php(64): CodeIgniter\Debug\Exceptions->errorHandler(2, 'Undefined array key "no_hp"', 'C:\\Users\\OMEN\\prakwebprog\\app\\Views\\crud\\edit.php', 64)
 2 SYSTEMPATH\View\View.php(224): include('C:\\Users\\OMEN\\prakwebprog\\app\\Views\\crud\\edit.php')
 3 SYSTEMPATH\View\View.php(227): CodeIgniter\View\View->CodeIgniter\View\{closure}()
 4 SYSTEMPATH\Common.php(1180): CodeIgniter\View\View->render('crud/edit', [], true)
 5 APPPATH\Controllers\Crud.php(59): view('crud/edit', [...])
 6 SYSTEMPATH\CodeIgniter.php(932): App\Controllers\Crud->edit('14')
 7 SYSTEMPATH\CodeIgniter.php(497): CodeIgniter\CodeIgniter->runController(Object(App\Controllers\Crud))
 8 SYSTEMPATH\CodeIgniter.php(366): CodeIgniter\CodeIgniter->handleRequest(null, Object(Config\Cache), false)
 9 FCPATH\index.php(67): CodeIgniter\CodeIgniter->run()
10 SYSTEMPATH\Commands\Server\rewrite.php(47): require_once('C:\\Users\\OMEN\\prakwebprog\\public\\index.php')
